{"ts":1700506631248,"action":"FILE_OPENED","file":"/CWRK_DDD/Program.cs","tags":{"FILE_LINE_OF_CODE":"159"}}
{"ts":1700506631316,"action":"PROJECT_OPENED","tags":{"PROJECT_NAME":"CWRK_DDD"}}
{"ts":1700506632651,"action":"IDE_DEACTIVATED"}
{"ts":1700506632775,"action":"IDE_ACTIVATED"}
{"ts":1700506634076,"action":"IDE_DEACTIVATED"}
{"ts":1700506657729,"action":"IDE_ACTIVATED"}
{"ts":1700506659326,"action":"IDE_DEACTIVATED"}
{"ts":1700506663209,"action":"IDE_ACTIVATED"}
{"ts":1700506762944,"action":"IDE_DEACTIVATED"}
{"ts":1700506766097,"action":"IDE_ACTIVATED"}
{"ts":1700506779037,"action":"IDE_DEACTIVATED"}
{"ts":1700507625396,"action":"IDE_ACTIVATED"}
{"ts":1700507626521,"action":"IDE_DEACTIVATED"}
{"ts":1700507939512,"action":"IDE_ACTIVATED"}
{"ts":1700507942974,"action":"IDE_DEACTIVATED"}
{"ts":1700508234651,"action":"IDE_ACTIVATED"}
{"ts":1700508236615,"action":"IDE_DEACTIVATED"}
{"ts":1700508248600,"action":"IDE_ACTIVATED"}
{"ts":1700508276962,"action":"IDE_DEACTIVATED"}
{"ts":1700508281248,"action":"IDE_ACTIVATED"}
{"ts":1700508281987,"action":"IDE_DEACTIVATED"}
{"ts":1700508298704,"action":"IDE_ACTIVATED"}
{"ts":1700508723252,"action":"IDE_DEACTIVATED"}
{"ts":1700508723994,"action":"IDE_ACTIVATED"}
{"ts":1700509578020,"action":"IDE_DEACTIVATED"}
{"ts":1700509585137,"action":"IDE_ACTIVATED"}
{"ts":1700510671454,"action":"IDE_DEACTIVATED"}
{"ts":1700510700752,"action":"IDE_ACTIVATED"}
{"ts":1700510707048,"action":"IDE_DEACTIVATED"}
{"ts":1700515784923,"action":"IDE_ACTIVATED"}
{"ts":1700515785818,"action":"PROJECT_CLOSED","tags":{"PROJECT_NAME":"CWRK_DDD"}}
{"ts":1700660450047,"action":"IDE_DEACTIVATED"}
{"ts":1700660450222,"action":"FILE_OPENED","file":"/CWRK_DDD/Program.cs","tags":{"FILE_LINE_OF_CODE":"171"}}
{"ts":1700660450954,"action":"PROJECT_OPENED","tags":{"PROJECT_NAME":"CWRK_DDD"}}
{"ts":1700660461338,"action":"IDE_ACTIVATED"}
{"ts":1700660464061,"action":"IDE_DEACTIVATED"}
{"ts":1700660469775,"action":"IDE_ACTIVATED"}
{"ts":1700660473451,"action":"IDE_DEACTIVATED"}
{"ts":1700660474465,"action":"IDE_ACTIVATED"}
{"ts":1700660533104,"action":"IDE_DEACTIVATED"}
{"ts":1700660533742,"action":"IDE_ACTIVATED"}
{"ts":1700660538418,"action":"FILE_CLOSED","file":"/CWRK_DDD/Program.cs","tags":{"FILE_LINE_OF_CODE":"171"}}
{"ts":1700660599477,"action":"IDE_DEACTIVATED"}
{"ts":1700660668145,"action":"IDE_ACTIVATED"}
{"ts":1700660668603,"action":"IDE_DEACTIVATED"}
{"ts":1700660692921,"action":"IDE_ACTIVATED"}
{"ts":1700660696260,"action":"IDE_DEACTIVATED"}
{"ts":1700660696985,"action":"IDE_ACTIVATED"}
{"ts":1700660697430,"action":"IDE_DEACTIVATED"}
{"ts":1700660698152,"action":"IDE_ACTIVATED"}
{"ts":1700660698448,"action":"IDE_DEACTIVATED"}
{"ts":1700660699331,"action":"IDE_ACTIVATED"}
{"ts":1700660706847,"action":"FILE_OPENED","file":"/CWRK_DDD/Program.cs","tags":{"FILE_LINE_OF_CODE":"171"}}
{"ts":1700660722582,"action":"IDE_DEACTIVATED"}
{"ts":1700660746985,"action":"IDE_ACTIVATED"}
{"ts":1700660749294,"action":"IDE_DEACTIVATED"}
{"ts":1700661414845,"action":"IDE_ACTIVATED"}
{"ts":1700661463505,"action":"IDE_DEACTIVATED"}
{"ts":1700661469837,"action":"IDE_ACTIVATED"}
{"ts":1700661523108,"action":"IDE_DEACTIVATED"}
{"ts":1700661573419,"action":"IDE_ACTIVATED"}
{"ts":1700661624133,"action":"IDE_DEACTIVATED"}
{"ts":1700661656874,"action":"IDE_ACTIVATED"}
{"ts":1700661703261,"action":"IDE_DEACTIVATED"}
{"ts":1700661740576,"action":"IDE_ACTIVATED"}
{"ts":1700661743852,"action":"IDE_DEACTIVATED"}
{"ts":1700661746637,"action":"IDE_ACTIVATED"}
{"ts":1700661795454,"action":"IDE_DEACTIVATED"}
{"ts":1700661815259,"action":"IDE_ACTIVATED"}
{"ts":1700661821457,"action":"IDE_DEACTIVATED"}
{"ts":1700661823810,"action":"IDE_ACTIVATED"}
{"ts":1700661849351,"action":"FILE_CLOSED","file":"/CWRK_DDD/Program.cs","tags":{"FILE_LINE_OF_CODE":"171"}}
{"ts":1700661853557,"action":"FILE_OPENED","file":"/CWRK_DDD/Program.cs","tags":{"FILE_LINE_OF_CODE":"171"}}
{"ts":1700661856461,"action":"IDE_DEACTIVATED"}
{"ts":1700661862709,"action":"IDE_ACTIVATED"}
{"ts":1700661875396,"action":"IDE_DEACTIVATED"}
{"ts":1700661890557,"action":"IDE_ACTIVATED"}
{"ts":1700661958490,"action":"IDE_DEACTIVATED"}
{"ts":1700661982260,"action":"IDE_ACTIVATED"}
{"ts":1700661993758,"action":"IDE_DEACTIVATED"}
{"ts":1700661995356,"action":"IDE_ACTIVATED"}
{"ts":1700661996492,"action":"IDE_DEACTIVATED"}
{"ts":1700661996550,"action":"PROJECT_CLOSED","tags":{"PROJECT_NAME":"CWRK_DDD"}}
{"ts":1700662038762,"action":"PROJECT_OPENED","tags":{"PROJECT_NAME":"CWRK_DDD"}}
{"ts":1700662061421,"action":"IDE_DEACTIVATED"}
{"ts":1700662214018,"action":"IDE_ACTIVATED"}
{"ts":1700662914959,"action":"IDE_DEACTIVATED"}
{"ts":1700662947836,"action":"IDE_ACTIVATED"}
{"ts":1700663452309,"action":"IDE_DEACTIVATED"}
{"ts":1700663456946,"action":"IDE_ACTIVATED"}
{"ts":1700663459207,"action":"IDE_DEACTIVATED"}
{"ts":1700663644636,"action":"IDE_ACTIVATED"}
{"ts":1700663645483,"action":"IDE_DEACTIVATED"}
{"ts":1700663761756,"action":"IDE_ACTIVATED"}
{"ts":1700663764607,"action":"IDE_DEACTIVATED"}
{"ts":1700664138502,"action":"IDE_ACTIVATED"}
{"ts":1700664142389,"action":"IDE_DEACTIVATED"}
{"ts":1700664143277,"action":"IDE_ACTIVATED"}
{"ts":1700664144909,"action":"IDE_DEACTIVATED"}
{"ts":1700664180368,"action":"IDE_ACTIVATED"}
{"ts":1700664564248,"action":"IDE_DEACTIVATED"}
{"ts":1700664654087,"action":"IDE_ACTIVATED"}
{"ts":1700664732376,"action":"IDE_DEACTIVATED"}
{"ts":1700664736992,"action":"IDE_ACTIVATED"}
{"ts":1700664846350,"action":"IDE_DEACTIVATED"}
{"ts":1700664846353,"action":"IDE_ACTIVATED"}
{"ts":1700665581379,"action":"IDE_DEACTIVATED"}
{"ts":1700666401490,"action":"IDE_ACTIVATED"}
{"ts":1700666402456,"action":"IDE_DEACTIVATED"}
{"ts":1700666406977,"action":"IDE_ACTIVATED"}
{"ts":1700666411505,"action":"IDE_DEACTIVATED"}
{"ts":1700666469762,"action":"IDE_ACTIVATED"}
{"ts":1700666478661,"action":"IDE_DEACTIVATED"}
{"ts":1700666500438,"action":"IDE_ACTIVATED"}
{"ts":1700666517484,"action":"IDE_DEACTIVATED"}
{"ts":1700666518798,"action":"IDE_ACTIVATED"}
{"ts":1700666527709,"action":"IDE_DEACTIVATED"}
{"ts":1700666576499,"action":"IDE_ACTIVATED"}
{"ts":1700666703917,"action":"IDE_DEACTIVATED"}
{"ts":1700666706126,"action":"IDE_ACTIVATED"}
{"ts":1700666715756,"action":"IDE_DEACTIVATED"}
{"ts":1700666718786,"action":"IDE_ACTIVATED"}
{"ts":1700666767861,"action":"IDE_DEACTIVATED"}
{"ts":1700666782306,"action":"IDE_ACTIVATED"}
{"ts":1700666831185,"action":"IDE_DEACTIVATED"}
{"ts":1700666832146,"action":"IDE_ACTIVATED"}
{"ts":1700666843616,"action":"IDE_DEACTIVATED"}
{"ts":1700666844993,"action":"IDE_ACTIVATED"}
{"ts":1700666847899,"action":"IDE_DEACTIVATED"}
{"ts":1700667524277,"action":"IDE_ACTIVATED"}
{"ts":1700668271678,"action":"IDE_DEACTIVATED"}
{"ts":1700668430127,"action":"IDE_ACTIVATED"}
{"ts":1700668432766,"action":"IDE_DEACTIVATED"}
{"ts":1700668537373,"action":"IDE_ACTIVATED"}
{"ts":1700668853246,"action":"IDE_DEACTIVATED"}
{"ts":1700668853249,"action":"IDE_ACTIVATED"}
{"ts":1700668854261,"action":"IDE_DEACTIVATED"}
{"ts":1700671048292,"action":"IDE_ACTIVATED"}
{"ts":1700671183025,"action":"IDE_DEACTIVATED"}
{"ts":1700671742164,"action":"IDE_ACTIVATED"}
{"ts":1700671747982,"action":"IDE_DEACTIVATED"}
{"ts":1700671762635,"action":"IDE_ACTIVATED"}
{"ts":1700671796560,"action":"IDE_DEACTIVATED"}
{"ts":1700672429777,"action":"IDE_ACTIVATED"}
{"ts":1700672443381,"action":"IDE_DEACTIVATED"}
{"ts":1700672465914,"action":"IDE_ACTIVATED"}
{"ts":1700672491582,"action":"FILE_CLOSED","file":"/CWRK_DDD/Program.cs","tags":{"FILE_LINE_OF_CODE":"290"}}
{"ts":1700672536134,"action":"IDE_DEACTIVATED"}
{"ts":1700672543747,"action":"IDE_ACTIVATED"}
{"ts":1700672727209,"action":"FILE_CLOSED","file":"/TestProject1/UnitTest1.cs","tags":{"FILE_LINE_OF_CODE":"32"}}
{"ts":1700672727209,"action":"FILE_OPENED","file":"/CWRK_DDD/Program.cs","tags":{"FILE_LINE_OF_CODE":"290"}}
{"ts":1700672825956,"action":"FILE_CLOSED","file":"/CWRK_DDD/Program.cs","tags":{"FILE_LINE_OF_CODE":"304"}}
{"ts":1700672825956,"action":"FILE_OPENED","file":"/TestProject1/UnitTest1.cs","tags":{"FILE_LINE_OF_CODE":"32"}}
{"ts":1700672830782,"action":"FILE_CLOSED","file":"/TestProject1/UnitTest1.cs","tags":{"FILE_LINE_OF_CODE":"32"}}
{"ts":1700672830782,"action":"FILE_OPENED","file":"/CWRK_DDD/Program.cs","tags":{"FILE_LINE_OF_CODE":"304"}}
{"ts":1700672935574,"action":"FILE_CLOSED","file":"/CWRK_DDD/Program.cs","tags":{"FILE_LINE_OF_CODE":"295"}}
{"ts":1700672935574,"action":"FILE_OPENED","file":"/TestProject1/UnitTest1.cs","tags":{"FILE_LINE_OF_CODE":"32"}}
{"ts":1700672939272,"action":"FILE_CLOSED","file":"/TestProject1/UnitTest1.cs","tags":{"FILE_LINE_OF_CODE":"32"}}
{"ts":1700672939272,"action":"FILE_OPENED","file":"/CWRK_DDD/Program.cs","tags":{"FILE_LINE_OF_CODE":"295"}}
{"ts":1700672940363,"action":"FILE_CLOSED","file":"/CWRK_DDD/Program.cs","tags":{"FILE_LINE_OF_CODE":"295"}}
{"ts":1700672940364,"action":"FILE_OPENED","file":"/TestProject1/UnitTest1.cs","tags":{"FILE_LINE_OF_CODE":"32"}}
{"ts":1700672942522,"action":"FILE_CLOSED","file":"/TestProject1/UnitTest1.cs","tags":{"FILE_LINE_OF_CODE":"32"}}
{"ts":1700672942522,"action":"FILE_OPENED","file":"/CWRK_DDD/Program.cs","tags":{"FILE_LINE_OF_CODE":"295"}}
{"ts":1700672946191,"action":"FILE_CLOSED","file":"/CWRK_DDD/Program.cs","tags":{"FILE_LINE_OF_CODE":"295"}}
{"ts":1700672946191,"action":"FILE_OPENED","file":"/TestProject1/UnitTest1.cs","tags":{"FILE_LINE_OF_CODE":"32"}}
{"ts":1700672954779,"action":"FILE_CLOSED","file":"/TestProject1/UnitTest1.cs","tags":{"FILE_LINE_OF_CODE":"32"}}
{"ts":1700672954779,"action":"FILE_OPENED","file":"/CWRK_DDD/Program.cs","tags":{"FILE_LINE_OF_CODE":"295"}}
{"ts":1700672955687,"action":"FILE_CLOSED","file":"/CWRK_DDD/Program.cs","tags":{"FILE_LINE_OF_CODE":"295"}}
{"ts":1700672955687,"action":"FILE_OPENED","file":"/TestProject1/UnitTest1.cs","tags":{"FILE_LINE_OF_CODE":"32"}}
{"ts":1700672966553,"action":"FILE_CLOSED","file":"/TestProject1/UnitTest1.cs","tags":{"FILE_LINE_OF_CODE":"29"}}
{"ts":1700672966553,"action":"FILE_OPENED","file":"/CWRK_DDD/Program.cs","tags":{"FILE_LINE_OF_CODE":"295"}}
{"ts":1700673242072,"action":"IDE_DEACTIVATED"}
{"ts":1700673304539,"action":"IDE_ACTIVATED"}
{"ts":1700673433849,"action":"FILE_CLOSED","file":"/CWRK_DDD/Program.cs","tags":{"FILE_LINE_OF_CODE":"327"}}
{"ts":1700673433849,"action":"FILE_OPENED","file":"/CWRK_DDD/HelperMethods.cs","tags":{"FILE_LINE_OF_CODE":"6"}}
{"ts":1700673661529,"action":"IDE_DEACTIVATED"}
{"ts":1700673904019,"action":"IDE_ACTIVATED"}
{"ts":1700673912864,"action":"FILE_CLOSED","file":"/CWRK_DDD/HelperMethods.cs","tags":{"FILE_LINE_OF_CODE":"17"}}
{"ts":1700673912864,"action":"FILE_OPENED","file":"/CWRK_DDD/Program.cs","tags":{"FILE_LINE_OF_CODE":"327"}}
{"ts":1700674189036,"action":"FILE_CLOSED","file":"/CWRK_DDD/Program.cs","tags":{"FILE_LINE_OF_CODE":"345"}}
{"ts":1700674190499,"action":"FILE_OPENED","file":"/CWRK_DDD/Program.cs","tags":{"FILE_LINE_OF_CODE":"345"}}
{"ts":1700674191156,"action":"FILE_CLOSED","file":"/CWRK_DDD/Program.cs","tags":{"FILE_LINE_OF_CODE":"345"}}
{"ts":1700674191951,"action":"FILE_OPENED","file":"/CWRK_DDD/Program.cs","tags":{"FILE_LINE_OF_CODE":"345"}}
{"ts":1700674224080,"action":"FILE_CLOSED","file":"/CWRK_DDD/Program.cs","tags":{"FILE_LINE_OF_CODE":"331"}}
{"ts":1700674224080,"action":"FILE_OPENED","file":"/CWRK_DDD/Report.cs","tags":{"FILE_LINE_OF_CODE":"14"}}
{"ts":1700674226908,"action":"FILE_CLOSED","file":"/CWRK_DDD/Report.cs","tags":{"FILE_LINE_OF_CODE":"14"}}
{"ts":1700674226908,"action":"FILE_OPENED","file":"/CWRK_DDD/HelperMethods.cs","tags":{"FILE_LINE_OF_CODE":"17"}}
{"ts":1700674227341,"action":"FILE_CLOSED","file":"/CWRK_DDD/HelperMethods.cs","tags":{"FILE_LINE_OF_CODE":"17"}}
{"ts":1700674227341,"action":"FILE_OPENED","file":"/CWRK_DDD/Program.cs","tags":{"FILE_LINE_OF_CODE":"331"}}
{"ts":1700674234406,"action":"FILE_CLOSED","file":"/CWRK_DDD/Program.cs","tags":{"FILE_LINE_OF_CODE":"315"}}
{"ts":1700674234406,"action":"FILE_OPENED","file":"/CWRK_DDD/Meeting.cs","tags":{"FILE_LINE_OF_CODE":"17"}}
{"ts":1700674238287,"action":"FILE_CLOSED","file":"/CWRK_DDD/Meeting.cs","tags":{"FILE_LINE_OF_CODE":"17"}}
{"ts":1700674238287,"action":"FILE_OPENED","file":"/CWRK_DDD/Program.cs","tags":{"FILE_LINE_OF_CODE":"315"}}
{"ts":1700674242485,"action":"FILE_CLOSED","file":"/CWRK_DDD/Program.cs","tags":{"FILE_LINE_OF_CODE":"226"}}
{"ts":1700674253075,"action":"FILE_CLOSED","file":"/CWRK_DDD/UserAccounts.cs","tags":{"FILE_LINE_OF_CODE":"91"}}
{"ts":1700674253075,"action":"FILE_OPENED","file":"/CWRK_DDD/Program.cs","tags":{"FILE_LINE_OF_CODE":"226"}}
{"ts":1700674290691,"action":"FILE_CLOSED","file":"/CWRK_DDD/Program.cs","tags":{"FILE_LINE_OF_CODE":"225"}}
{"ts":1700674290691,"action":"FILE_OPENED","file":"/CWRK_DDD/HelperMethods.cs","tags":{"FILE_LINE_OF_CODE":"17"}}
{"ts":1700674295599,"action":"FILE_CLOSED","file":"/CWRK_DDD/HelperMethods.cs","tags":{"FILE_LINE_OF_CODE":"17"}}
{"ts":1700674295599,"action":"FILE_OPENED","file":"/CWRK_DDD/Program.cs","tags":{"FILE_LINE_OF_CODE":"225"}}
{"ts":1700674304775,"action":"FILE_CLOSED","file":"/CWRK_DDD/Program.cs","tags":{"FILE_LINE_OF_CODE":"225"}}
{"ts":1700674304775,"action":"FILE_OPENED","file":"/CWRK_DDD/Meeting.cs","tags":{"FILE_LINE_OF_CODE":"17"}}
{"ts":1700674309465,"action":"FILE_CLOSED","file":"/CWRK_DDD/Meeting.cs","tags":{"FILE_LINE_OF_CODE":"17"}}
{"ts":1700674309465,"action":"FILE_OPENED","file":"/CWRK_DDD/HelperMethods.cs","tags":{"FILE_LINE_OF_CODE":"17"}}
{"ts":1700674315223,"action":"FILE_CLOSED","file":"/CWRK_DDD/HelperMethods.cs","tags":{"FILE_LINE_OF_CODE":"17"}}
{"ts":1700674315223,"action":"FILE_OPENED","file":"/CWRK_DDD/Program.cs","tags":{"FILE_LINE_OF_CODE":"225"}}
{"ts":1700674362643,"action":"IDE_DEACTIVATED"}
{"ts":1700676085790,"action":"IDE_ACTIVATED"}
{"ts":1700676093048,"action":"IDE_DEACTIVATED"}
{"ts":1700743138391,"action":"IDE_ACTIVATED"}
{"ts":1700743140902,"action":"IDE_DEACTIVATED"}
{"ts":1700744267088,"action":"IDE_ACTIVATED"}
{"ts":1700744355106,"action":"FILE_CLOSED","file":"/CWRK_DDD/Program.cs","tags":{"FILE_LINE_OF_CODE":"225"}}
{"ts":1700744355106,"action":"FILE_OPENED","file":"/CWRK_DDD/UserAccounts.cs","tags":{"FILE_LINE_OF_CODE":"91"}}
{"ts":1700744409461,"action":"FILE_CLOSED","file":"/CWRK_DDD/UserAccounts.cs","tags":{"FILE_LINE_OF_CODE":"93"}}
{"ts":1700744409461,"action":"FILE_OPENED","file":"/CWRK_DDD/Program.cs","tags":{"FILE_LINE_OF_CODE":"225"}}
{"ts":1700744410540,"action":"FILE_CLOSED","file":"/CWRK_DDD/Program.cs","tags":{"FILE_LINE_OF_CODE":"225"}}
{"ts":1700744410540,"action":"FILE_OPENED","file":"/CWRK_DDD/UserAccounts.cs","tags":{"FILE_LINE_OF_CODE":"93"}}
{"ts":1700744411419,"action":"FILE_CLOSED","file":"/CWRK_DDD/UserAccounts.cs","tags":{"FILE_LINE_OF_CODE":"93"}}
{"ts":1700744411419,"action":"FILE_OPENED","file":"/CWRK_DDD/Program.cs","tags":{"FILE_LINE_OF_CODE":"225"}}
{"ts":1700744417839,"action":"IDE_DEACTIVATED"}
{"ts":1700744489523,"action":"IDE_ACTIVATED"}
{"ts":1700744490926,"action":"IDE_DEACTIVATED"}
{"ts":1700744921202,"action":"IDE_ACTIVATED"}
{"ts":1700744922555,"action":"IDE_DEACTIVATED"}
{"ts":1700744968929,"action":"IDE_ACTIVATED"}
{"ts":1700744973583,"action":"IDE_DEACTIVATED"}
{"ts":1700745008843,"action":"IDE_ACTIVATED"}
{"ts":1700745011241,"action":"IDE_DEACTIVATED"}
{"ts":1700745116309,"action":"IDE_ACTIVATED"}
{"ts":1700745130570,"action":"IDE_DEACTIVATED"}
{"ts":1700745201312,"action":"IDE_ACTIVATED"}
{"ts":1700745222109,"action":"IDE_DEACTIVATED"}
{"ts":1700745230123,"action":"IDE_ACTIVATED"}
{"ts":1700745283965,"action":"FILE_CLOSED","file":"/CWRK_DDD/Program.cs","tags":{"FILE_LINE_OF_CODE":"225"}}
{"ts":1700745283965,"action":"FILE_OPENED","file":"/CWRK_DDD/UserAccounts.cs","tags":{"FILE_LINE_OF_CODE":"93"}}
{"ts":1700745291909,"action":"IDE_DEACTIVATED"}
{"ts":1700745296507,"action":"IDE_ACTIVATED"}
{"ts":1700745317994,"action":"IDE_DEACTIVATED"}
{"ts":1700745323633,"action":"IDE_ACTIVATED"}
{"ts":1700745379631,"action":"IDE_DEACTIVATED"}
{"ts":1700745554329,"action":"IDE_ACTIVATED"}
{"ts":1700745561671,"action":"IDE_DEACTIVATED"}
{"ts":1700745566785,"action":"IDE_ACTIVATED"}
{"ts":1700745700013,"action":"IDE_DEACTIVATED"}
{"ts":1700745750649,"action":"IDE_ACTIVATED"}
{"ts":1700745825598,"action":"IDE_DEACTIVATED"}
{"ts":1700745844314,"action":"IDE_ACTIVATED"}
{"ts":1700745940742,"action":"IDE_DEACTIVATED"}
{"ts":1700746011398,"action":"IDE_ACTIVATED"}
{"ts":1700746077350,"action":"FILE_CLOSED","file":"/CWRK_DDD/UserAccounts.cs","tags":{"FILE_LINE_OF_CODE":"93"}}
{"ts":1700746094236,"action":"IDE_DEACTIVATED"}
{"ts":1700746125997,"action":"IDE_ACTIVATED"}
{"ts":1700746134653,"action":"FILE_OPENED","file":"/CWRK_DDD/UserAccounts.cs","tags":{"FILE_LINE_OF_CODE":"93"}}
{"ts":1700746372372,"action":"IDE_DEACTIVATED"}
{"ts":1700746597240,"action":"IDE_ACTIVATED"}
{"ts":1700746669227,"action":"IDE_DEACTIVATED"}
{"ts":1700746849269,"action":"IDE_ACTIVATED"}
{"ts":1700746853213,"action":"IDE_DEACTIVATED"}
{"ts":1700747095696,"action":"IDE_ACTIVATED"}
{"ts":1700747365734,"action":"IDE_DEACTIVATED"}
{"ts":1700747788887,"action":"IDE_ACTIVATED"}
{"ts":1700747796840,"action":"IDE_DEACTIVATED"}
{"ts":1700747797465,"action":"IDE_ACTIVATED"}
{"ts":1700747895564,"action":"IDE_DEACTIVATED"}
{"ts":1700747927378,"action":"IDE_ACTIVATED"}
{"ts":1700748072662,"action":"FILE_CLOSED","file":"/CWRK_DDD/UserAccounts.cs","tags":{"FILE_LINE_OF_CODE":"129"}}
{"ts":1700748072662,"action":"FILE_OPENED","file":"/CWRK_DDD/Program.cs","tags":{"FILE_LINE_OF_CODE":"225"}}
{"ts":1700748403515,"action":"IDE_DEACTIVATED"}
{"ts":1700748421258,"action":"IDE_ACTIVATED"}
{"ts":1700748569049,"action":"IDE_DEACTIVATED"}
{"ts":1700749072966,"action":"IDE_ACTIVATED"}
{"ts":1700749235933,"action":"FILE_CLOSED","file":"/CWRK_DDD/Program.cs","tags":{"FILE_LINE_OF_CODE":"202"}}
{"ts":1700749256829,"action":"IDE_DEACTIVATED"}
{"ts":1700749264149,"action":"IDE_ACTIVATED"}
{"ts":1700749270786,"action":"IDE_DEACTIVATED"}
{"ts":1700749276471,"action":"IDE_ACTIVATED"}
{"ts":1700749277762,"action":"IDE_DEACTIVATED"}
{"ts":1700749279870,"action":"IDE_ACTIVATED"}
{"ts":1700749365313,"action":"IDE_DEACTIVATED"}
{"ts":1700749376817,"action":"IDE_ACTIVATED"}
{"ts":1700749381396,"action":"IDE_DEACTIVATED"}
{"ts":1700749382390,"action":"IDE_ACTIVATED"}
{"ts":1700749384878,"action":"IDE_DEACTIVATED"}
{"ts":1700749459511,"action":"IDE_ACTIVATED"}
{"ts":1700749518012,"action":"FILE_OPENED","file":"/CWRK_DDD/UserAccounts.cs","tags":{"FILE_LINE_OF_CODE":"129"}}
{"ts":1700749518448,"action":"FILE_CLOSED","file":"/CWRK_DDD/UserAccounts.cs","tags":{"FILE_LINE_OF_CODE":"129"}}
{"ts":1700749518448,"action":"FILE_OPENED","file":"/CWRK_DDD/Program.cs","tags":{"FILE_LINE_OF_CODE":"202"}}
{"ts":1700749521873,"action":"FILE_CLOSED","file":"/CWRK_DDD/Program.cs","tags":{"FILE_LINE_OF_CODE":"202"}}
{"ts":1700749523968,"action":"FILE_OPENED","file":"/CWRK_DDD/Program.cs","tags":{"FILE_LINE_OF_CODE":"202"}}
{"ts":1700749525420,"action":"FILE_CLOSED","file":"/CWRK_DDD/Program.cs","tags":{"FILE_LINE_OF_CODE":"202"}}
{"ts":1700749525420,"action":"FILE_OPENED","file":"/CWRK_DDD/UserAccounts.cs","tags":{"FILE_LINE_OF_CODE":"129"}}
{"ts":1700749525800,"action":"FILE_CLOSED","file":"/CWRK_DDD/UserAccounts.cs","tags":{"FILE_LINE_OF_CODE":"129"}}
{"ts":1700749526756,"action":"FILE_OPENED","file":"/CWRK_DDD/Program.cs","tags":{"FILE_LINE_OF_CODE":"202"}}
{"ts":1700749532225,"action":"FILE_CLOSED","file":"/CWRK_DDD/Program.cs","tags":{"FILE_LINE_OF_CODE":"202"}}
{"ts":1700749544015,"action":"IDE_DEACTIVATED"}
{"ts":1700749569378,"action":"IDE_ACTIVATED"}
{"ts":1700749570118,"action":"IDE_DEACTIVATED"}
{"ts":1700749571749,"action":"IDE_ACTIVATED"}
{"ts":1700749573742,"action":"IDE_DEACTIVATED"}
{"ts":1700749683505,"action":"IDE_ACTIVATED"}
{"ts":1700749713477,"action":"FILE_OPENED","file":"/CWRK_DDD/DatabaseHandler.cs","tags":{"FILE_LINE_OF_CODE":"0"}}
{"ts":1700749735377,"action":"FILE_OPENED","file":"/CWRK_DDD/Database/DatabaseHandler.cs","tags":{"FILE_LINE_OF_CODE":"6"}}
{"ts":1700749952374,"action":"FILE_CLOSED","file":"/CWRK_DDD/Database/DatabaseHandler.cs","tags":{"FILE_LINE_OF_CODE":"20"}}
{"ts":1700749952374,"action":"FILE_OPENED","file":"/CWRK_DDD/UserAccounts.cs","tags":{"FILE_LINE_OF_CODE":"129"}}
{"ts":1700749957290,"action":"FILE_CLOSED","file":"/CWRK_DDD/UserAccounts.cs","tags":{"FILE_LINE_OF_CODE":"129"}}
{"ts":1700749957290,"action":"FILE_OPENED","file":"/CWRK_DDD/Database/DatabaseHandler.cs","tags":{"FILE_LINE_OF_CODE":"20"}}
{"ts":1700750138085,"action":"FILE_CLOSED","file":"/CWRK_DDD/Database/DatabaseHandler.cs","tags":{"FILE_LINE_OF_CODE":"34"}}
{"ts":1700750138085,"action":"FILE_OPENED","file":"/CWRK_DDD/HelperMethods.cs","tags":{"FILE_LINE_OF_CODE":"17"}}
{"ts":1700750239819,"action":"FILE_CLOSED","file":"/CWRK_DDD/HelperMethods.cs","tags":{"FILE_LINE_OF_CODE":"23"}}
{"ts":1700750239819,"action":"FILE_OPENED","file":"/CWRK_DDD/Database/DatabaseHandler.cs","tags":{"FILE_LINE_OF_CODE":"34"}}
{"ts":1700750312827,"action":"IDE_DEACTIVATED"}
{"ts":1700750736111,"action":"IDE_ACTIVATED"}
{"ts":1700750740299,"action":"IDE_DEACTIVATED"}
{"ts":1700750758914,"action":"IDE_ACTIVATED"}
{"ts":1700750812243,"action":"IDE_DEACTIVATED"}
{"ts":1700750833172,"action":"IDE_ACTIVATED"}
{"ts":1700750856408,"action":"IDE_DEACTIVATED"}
{"ts":1700750865413,"action":"IDE_ACTIVATED"}
{"ts":1700750908909,"action":"IDE_DEACTIVATED"}
{"ts":1700751257305,"action":"IDE_ACTIVATED"}
{"ts":1700751290142,"action":"FILE_CLOSED","file":"/CWRK_DDD/Database/DatabaseHandler.cs","tags":{"FILE_LINE_OF_CODE":"41"}}
{"ts":1700751301571,"action":"FILE_OPENED","file":"/CWRK_DDD/Program.cs","tags":{"FILE_LINE_OF_CODE":"202"}}
{"ts":1700751303753,"action":"FILE_CLOSED","file":"/CWRK_DDD/Program.cs","tags":{"FILE_LINE_OF_CODE":"202"}}
{"ts":1700751303753,"action":"FILE_OPENED","file":"/CWRK_DDD/UserAccounts.cs","tags":{"FILE_LINE_OF_CODE":"129"}}
{"ts":1700751304276,"action":"FILE_CLOSED","file":"/CWRK_DDD/UserAccounts.cs","tags":{"FILE_LINE_OF_CODE":"129"}}
{"ts":1700751304276,"action":"FILE_OPENED","file":"/CWRK_DDD/HelperMethods.cs","tags":{"FILE_LINE_OF_CODE":"23"}}
{"ts":1700751306280,"action":"FILE_CLOSED","file":"/CWRK_DDD/HelperMethods.cs","tags":{"FILE_LINE_OF_CODE":"23"}}
{"ts":1700751306280,"action":"FILE_OPENED","file":"/CWRK_DDD/Database/DatabaseHandler.cs","tags":{"FILE_LINE_OF_CODE":"41"}}
{"ts":1700751308520,"action":"IDE_DEACTIVATED"}
{"ts":1700751342660,"action":"IDE_ACTIVATED"}
{"ts":1700751463389,"action":"FILE_CLOSED","file":"/CWRK_DDD/Database/DatabaseHandler.cs","tags":{"FILE_LINE_OF_CODE":"43"}}
{"ts":1700751463389,"action":"FILE_OPENED","file":"/CWRK_DDD/Program.cs","tags":{"FILE_LINE_OF_CODE":"202"}}
{"ts":1700751470795,"action":"FILE_CLOSED","file":"/CWRK_DDD/Program.cs","tags":{"FILE_LINE_OF_CODE":"202"}}
{"ts":1700751470795,"action":"FILE_OPENED","file":"/CWRK_DDD/HelperMethods.cs","tags":{"FILE_LINE_OF_CODE":"23"}}
{"ts":1700751471361,"action":"FILE_CLOSED","file":"/CWRK_DDD/HelperMethods.cs","tags":{"FILE_LINE_OF_CODE":"23"}}
{"ts":1700751471361,"action":"FILE_OPENED","file":"/CWRK_DDD/Database/DatabaseHandler.cs","tags":{"FILE_LINE_OF_CODE":"43"}}
{"ts":1700751581950,"action":"FILE_CLOSED","file":"/CWRK_DDD/Database/DatabaseHandler.cs","tags":{"FILE_LINE_OF_CODE":"52"}}
{"ts":1700751581950,"action":"FILE_OPENED","file":"/CWRK_DDD/Program.cs","tags":{"FILE_LINE_OF_CODE":"202"}}
{"ts":1700751714846,"action":"IDE_DEACTIVATED"}
{"ts":1700751715274,"action":"IDE_ACTIVATED"}
{"ts":1700751814405,"action":"FILE_CLOSED","file":"/CWRK_DDD/Program.cs","tags":{"FILE_LINE_OF_CODE":"166"}}
{"ts":1700751814405,"action":"FILE_OPENED","file":"/CWRK_DDD/UserAccounts.cs","tags":{"FILE_LINE_OF_CODE":"129"}}
{"ts":1700751816106,"action":"FILE_CLOSED","file":"/CWRK_DDD/UserAccounts.cs","tags":{"FILE_LINE_OF_CODE":"129"}}
{"ts":1700751816106,"action":"FILE_OPENED","file":"/CWRK_DDD/HelperMethods.cs","tags":{"FILE_LINE_OF_CODE":"23"}}
{"ts":1700751816602,"action":"FILE_CLOSED","file":"/CWRK_DDD/HelperMethods.cs","tags":{"FILE_LINE_OF_CODE":"23"}}
{"ts":1700751816602,"action":"FILE_OPENED","file":"/CWRK_DDD/Database/DatabaseHandler.cs","tags":{"FILE_LINE_OF_CODE":"52"}}
{"ts":1700751828360,"action":"FILE_CLOSED","file":"/CWRK_DDD/Database/DatabaseHandler.cs","tags":{"FILE_LINE_OF_CODE":"53"}}
{"ts":1700751828360,"action":"FILE_OPENED","file":"/CWRK_DDD/UserAccounts.cs","tags":{"FILE_LINE_OF_CODE":"129"}}
{"ts":1700751828828,"action":"FILE_CLOSED","file":"/CWRK_DDD/UserAccounts.cs","tags":{"FILE_LINE_OF_CODE":"129"}}
{"ts":1700751828828,"action":"FILE_OPENED","file":"/CWRK_DDD/Program.cs","tags":{"FILE_LINE_OF_CODE":"166"}}
{"ts":1700751849184,"action":"FILE_CLOSED","file":"/CWRK_DDD/Program.cs","tags":{"FILE_LINE_OF_CODE":"166"}}
{"ts":1700751849184,"action":"FILE_OPENED","file":"/CWRK_DDD/UserAccounts.cs","tags":{"FILE_LINE_OF_CODE":"129"}}
{"ts":1700751850376,"action":"FILE_CLOSED","file":"/CWRK_DDD/UserAccounts.cs","tags":{"FILE_LINE_OF_CODE":"129"}}
{"ts":1700751850376,"action":"FILE_OPENED","file":"/CWRK_DDD/Database/DatabaseHandler.cs","tags":{"FILE_LINE_OF_CODE":"53"}}
{"ts":1700751881687,"action":"FILE_CLOSED","file":"/CWRK_DDD/Database/DatabaseHandler.cs","tags":{"FILE_LINE_OF_CODE":"58"}}
{"ts":1700751881687,"action":"FILE_OPENED","file":"/CWRK_DDD/HelperMethods.cs","tags":{"FILE_LINE_OF_CODE":"23"}}
{"ts":1700751882065,"action":"FILE_CLOSED","file":"/CWRK_DDD/HelperMethods.cs","tags":{"FILE_LINE_OF_CODE":"23"}}
{"ts":1700751882065,"action":"FILE_OPENED","file":"/CWRK_DDD/UserAccounts.cs","tags":{"FILE_LINE_OF_CODE":"129"}}
{"ts":1700751882661,"action":"FILE_CLOSED","file":"/CWRK_DDD/UserAccounts.cs","tags":{"FILE_LINE_OF_CODE":"129"}}
{"ts":1700751882661,"action":"FILE_OPENED","file":"/CWRK_DDD/Program.cs","tags":{"FILE_LINE_OF_CODE":"166"}}
{"ts":1700751961537,"action":"FILE_CLOSED","file":"/CWRK_DDD/Program.cs","tags":{"FILE_LINE_OF_CODE":"166"}}
{"ts":1700751961537,"action":"FILE_OPENED","file":"/CWRK_DDD/UserAccounts.cs","tags":{"FILE_LINE_OF_CODE":"129"}}
{"ts":1700752086390,"action":"FILE_CLOSED","file":"/CWRK_DDD/UserAccounts.cs","tags":{"FILE_LINE_OF_CODE":"140"}}
{"ts":1700752086390,"action":"FILE_OPENED","file":"/CWRK_DDD/HelperMethods.cs","tags":{"FILE_LINE_OF_CODE":"23"}}
{"ts":1700752086811,"action":"FILE_CLOSED","file":"/CWRK_DDD/HelperMethods.cs","tags":{"FILE_LINE_OF_CODE":"23"}}
{"ts":1700752086811,"action":"FILE_OPENED","file":"/CWRK_DDD/Database/DatabaseHandler.cs","tags":{"FILE_LINE_OF_CODE":"58"}}
{"ts":1700752185087,"action":"IDE_DEACTIVATED"}
{"ts":1700752214383,"action":"IDE_ACTIVATED"}
{"ts":1700752295490,"action":"IDE_DEACTIVATED"}
{"ts":1700752388089,"action":"IDE_ACTIVATED"}
{"ts":1700752440810,"action":"FILE_CLOSED","file":"/CWRK_DDD/Database/DatabaseHandler.cs","tags":{"FILE_LINE_OF_CODE":"64"}}
{"ts":1700752461376,"action":"IDE_DEACTIVATED"}
{"ts":1700752473280,"action":"IDE_ACTIVATED"}
{"ts":1700752478047,"action":"IDE_DEACTIVATED"}
{"ts":1700752490979,"action":"IDE_ACTIVATED"}
{"ts":1700752582631,"action":"IDE_DEACTIVATED"}
{"ts":1700752643249,"action":"IDE_ACTIVATED"}
{"ts":1700752817201,"action":"IDE_DEACTIVATED"}
{"ts":1700756659822,"action":"IDE_ACTIVATED"}
{"ts":1700756686073,"action":"IDE_DEACTIVATED"}
{"ts":1700756692431,"action":"IDE_ACTIVATED"}
{"ts":1700756729021,"action":"IDE_DEACTIVATED"}
{"ts":1700756786127,"action":"IDE_ACTIVATED"}
{"ts":1700756865346,"action":"FILE_OPENED","file":"/CWRK_DDD/Database/DatabaseHandler.cs","tags":{"FILE_LINE_OF_CODE":"64"}}
{"ts":1700756865779,"action":"FILE_CLOSED","file":"/CWRK_DDD/Database/DatabaseHandler.cs","tags":{"FILE_LINE_OF_CODE":"64"}}
{"ts":1700756865779,"action":"FILE_OPENED","file":"/CWRK_DDD/HelperMethods.cs","tags":{"FILE_LINE_OF_CODE":"23"}}
{"ts":1700756866250,"action":"FILE_CLOSED","file":"/CWRK_DDD/HelperMethods.cs","tags":{"FILE_LINE_OF_CODE":"23"}}
{"ts":1700756866250,"action":"FILE_OPENED","file":"/CWRK_DDD/UserAccounts.cs","tags":{"FILE_LINE_OF_CODE":"140"}}
{"ts":1700756867945,"action":"FILE_CLOSED","file":"/CWRK_DDD/UserAccounts.cs","tags":{"FILE_LINE_OF_CODE":"140"}}
{"ts":1700756867945,"action":"FILE_OPENED","file":"/CWRK_DDD/HelperMethods.cs","tags":{"FILE_LINE_OF_CODE":"23"}}
{"ts":1700756873950,"action":"FILE_CLOSED","file":"/CWRK_DDD/HelperMethods.cs","tags":{"FILE_LINE_OF_CODE":"23"}}
{"ts":1700756873950,"action":"FILE_OPENED","file":"/CWRK_DDD/UserAccounts.cs","tags":{"FILE_LINE_OF_CODE":"140"}}
{"ts":1700756876421,"action":"FILE_CLOSED","file":"/CWRK_DDD/UserAccounts.cs","tags":{"FILE_LINE_OF_CODE":"140"}}
{"ts":1700756876421,"action":"FILE_OPENED","file":"/CWRK_DDD/HelperMethods.cs","tags":{"FILE_LINE_OF_CODE":"23"}}
{"ts":1700756877513,"action":"FILE_CLOSED","file":"/CWRK_DDD/HelperMethods.cs","tags":{"FILE_LINE_OF_CODE":"23"}}
{"ts":1700756877513,"action":"FILE_OPENED","file":"/CWRK_DDD/UserAccounts.cs","tags":{"FILE_LINE_OF_CODE":"140"}}
{"ts":1700756897288,"action":"FILE_CLOSED","file":"/CWRK_DDD/UserAccounts.cs","tags":{"FILE_LINE_OF_CODE":"140"}}
{"ts":1700756897288,"action":"FILE_OPENED","file":"/CWRK_DDD/Database/DatabaseHandler.cs","tags":{"FILE_LINE_OF_CODE":"64"}}
{"ts":1700756898124,"action":"FILE_CLOSED","file":"/CWRK_DDD/Database/DatabaseHandler.cs","tags":{"FILE_LINE_OF_CODE":"64"}}
{"ts":1700756898125,"action":"FILE_OPENED","file":"/CWRK_DDD/UserAccounts.cs","tags":{"FILE_LINE_OF_CODE":"140"}}
{"ts":1700756898911,"action":"FILE_CLOSED","file":"/CWRK_DDD/UserAccounts.cs","tags":{"FILE_LINE_OF_CODE":"140"}}
{"ts":1700756899651,"action":"FILE_OPENED","file":"/CWRK_DDD/HelperMethods.cs","tags":{"FILE_LINE_OF_CODE":"23"}}
{"ts":1700756900280,"action":"FILE_CLOSED","file":"/CWRK_DDD/HelperMethods.cs","tags":{"FILE_LINE_OF_CODE":"23"}}
{"ts":1700756901562,"action":"FILE_OPENED","file":"/CWRK_DDD/UserAccounts.cs","tags":{"FILE_LINE_OF_CODE":"140"}}
{"ts":1700756905301,"action":"FILE_CLOSED","file":"/CWRK_DDD/UserAccounts.cs","tags":{"FILE_LINE_OF_CODE":"140"}}
{"ts":1700756905301,"action":"FILE_OPENED","file":"/CWRK_DDD/HelperMethods.cs","tags":{"FILE_LINE_OF_CODE":"23"}}
{"ts":1700756906228,"action":"FILE_CLOSED","file":"/CWRK_DDD/HelperMethods.cs","tags":{"FILE_LINE_OF_CODE":"23"}}
{"ts":1700756906228,"action":"FILE_OPENED","file":"/CWRK_DDD/Database/DatabaseHandler.cs","tags":{"FILE_LINE_OF_CODE":"64"}}
{"ts":1700756922705,"action":"FILE_CLOSED","file":"/CWRK_DDD/Database/DatabaseHandler.cs","tags":{"FILE_LINE_OF_CODE":"69"}}
{"ts":1700756922946,"action":"FILE_OPENED","file":"/CWRK_DDD/Database/DatabaseHandler.cs","tags":{"FILE_LINE_OF_CODE":"69"}}
{"ts":1700756929261,"action":"FILE_CLOSED","file":"/CWRK_DDD/Database/DatabaseHandler.cs","tags":{"FILE_LINE_OF_CODE":"69"}}
{"ts":1700756936639,"action":"FILE_OPENED","file":"/CWRK_DDD/Database/DatabaseHandler.cs","tags":{"FILE_LINE_OF_CODE":"69"}}
{"ts":1700756960573,"action":"FILE_CLOSED","file":"/CWRK_DDD/Database/DatabaseHandler.cs","tags":{"FILE_LINE_OF_CODE":"77"}}
{"ts":1700756960827,"action":"FILE_OPENED","file":"/CWRK_DDD/Database/DatabaseHandler.cs","tags":{"FILE_LINE_OF_CODE":"77"}}
{"ts":1700756962183,"action":"FILE_CLOSED","file":"/CWRK_DDD/Database/DatabaseHandler.cs","tags":{"FILE_LINE_OF_CODE":"77"}}
{"ts":1700756962873,"action":"FILE_OPENED","file":"/CWRK_DDD/Database/DatabaseHandler.cs","tags":{"FILE_LINE_OF_CODE":"77"}}
{"ts":1700756963547,"action":"FILE_CLOSED","file":"/CWRK_DDD/Database/DatabaseHandler.cs","tags":{"FILE_LINE_OF_CODE":"77"}}
{"ts":1700756965747,"action":"FILE_OPENED","file":"/CWRK_DDD/Database/DatabaseHandler.cs","tags":{"FILE_LINE_OF_CODE":"77"}}
{"ts":1700757004416,"action":"FILE_CLOSED","file":"/CWRK_DDD/Database/DatabaseHandler.cs","tags":{"FILE_LINE_OF_CODE":"85"}}
{"ts":1700757005292,"action":"FILE_OPENED","file":"/CWRK_DDD/Database/DatabaseHandler.cs","tags":{"FILE_LINE_OF_CODE":"85"}}
{"ts":1700757025021,"action":"FILE_CLOSED","file":"/CWRK_DDD/Database/DatabaseHandler.cs","tags":{"FILE_LINE_OF_CODE":"88"}}
{"ts":1700757025021,"action":"FILE_OPENED","file":"/CWRK_DDD/HelperMethods.cs","tags":{"FILE_LINE_OF_CODE":"23"}}
{"ts":1700757025915,"action":"FILE_CLOSED","file":"/CWRK_DDD/HelperMethods.cs","tags":{"FILE_LINE_OF_CODE":"23"}}
{"ts":1700757025915,"action":"FILE_OPENED","file":"/CWRK_DDD/UserAccounts.cs","tags":{"FILE_LINE_OF_CODE":"140"}}
{"ts":1700757042413,"action":"FILE_CLOSED","file":"/CWRK_DDD/UserAccounts.cs","tags":{"FILE_LINE_OF_CODE":"140"}}
{"ts":1700757042413,"action":"FILE_OPENED","file":"/CWRK_DDD/HelperMethods.cs","tags":{"FILE_LINE_OF_CODE":"23"}}
{"ts":1700757043265,"action":"FILE_CLOSED","file":"/CWRK_DDD/HelperMethods.cs","tags":{"FILE_LINE_OF_CODE":"23"}}
{"ts":1700757043265,"action":"FILE_OPENED","file":"/CWRK_DDD/Database/DatabaseHandler.cs","tags":{"FILE_LINE_OF_CODE":"88"}}
{"ts":1700757095943,"action":"IDE_DEACTIVATED"}
{"ts":1700757107049,"action":"IDE_ACTIVATED"}
{"ts":1700757139088,"action":"IDE_DEACTIVATED"}
{"ts":1700757161837,"action":"IDE_ACTIVATED"}
{"ts":1700757241364,"action":"IDE_DEACTIVATED"}
{"ts":1700757255027,"action":"IDE_ACTIVATED"}
{"ts":1700757369377,"action":"IDE_DEACTIVATED"}
{"ts":1700757378601,"action":"IDE_ACTIVATED"}
{"ts":1700757454437,"action":"IDE_DEACTIVATED"}
{"ts":1700757463825,"action":"IDE_ACTIVATED"}
{"ts":1700757472683,"action":"IDE_DEACTIVATED"}
{"ts":1700757478346,"action":"IDE_ACTIVATED"}
{"ts":1700757513154,"action":"IDE_DEACTIVATED"}
{"ts":1700757514114,"action":"IDE_ACTIVATED"}
{"ts":1700757551540,"action":"FILE_CLOSED","file":"/CWRK_DDD/Database/DatabaseHandler.cs","tags":{"FILE_LINE_OF_CODE":"93"}}
{"ts":1700757556968,"action":"FILE_OPENED","file":"/CWRK_DDD/Database/DatabaseHandler.cs","tags":{"FILE_LINE_OF_CODE":"93"}}
{"ts":1700757566283,"action":"IDE_DEACTIVATED"}
{"ts":1700757578432,"action":"IDE_ACTIVATED"}
{"ts":1700757635893,"action":"IDE_DEACTIVATED"}
{"ts":1700757679362,"action":"IDE_ACTIVATED"}
{"ts":1700757854366,"action":"IDE_DEACTIVATED"}
{"ts":1700757855581,"action":"IDE_ACTIVATED"}
{"ts":1700758007232,"action":"FILE_CLOSED","file":"/CWRK_DDD/Database/DatabaseHandler.cs","tags":{"FILE_LINE_OF_CODE":"107"}}
{"ts":1700758007232,"action":"FILE_OPENED","file":"/CWRK_DDD/UserAccounts.cs","tags":{"FILE_LINE_OF_CODE":"140"}}
{"ts":1700758385587,"action":"IDE_DEACTIVATED"}
{"ts":1700758891689,"action":"IDE_ACTIVATED"}
{"ts":1700758913136,"action":"FILE_CLOSED","file":"/CWRK_DDD/UserAccounts.cs","tags":{"FILE_LINE_OF_CODE":"126"}}
{"ts":1700758913136,"action":"FILE_OPENED","file":"/CWRK_DDD/HelperMethods.cs","tags":{"FILE_LINE_OF_CODE":"23"}}
{"ts":1700758913940,"action":"FILE_CLOSED","file":"/CWRK_DDD/HelperMethods.cs","tags":{"FILE_LINE_OF_CODE":"23"}}
{"ts":1700758913940,"action":"FILE_OPENED","file":"/CWRK_DDD/Database/DatabaseHandler.cs","tags":{"FILE_LINE_OF_CODE":"107"}}
{"ts":1700758914608,"action":"FILE_CLOSED","file":"/CWRK_DDD/Database/DatabaseHandler.cs","tags":{"FILE_LINE_OF_CODE":"107"}}
{"ts":1700758914608,"action":"FILE_OPENED","file":"/CWRK_DDD/UserAccounts.cs","tags":{"FILE_LINE_OF_CODE":"126"}}
{"ts":1700758915728,"action":"FILE_CLOSED","file":"/CWRK_DDD/UserAccounts.cs","tags":{"FILE_LINE_OF_CODE":"126"}}
{"ts":1700758915728,"action":"FILE_OPENED","file":"/CWRK_DDD/Database/DatabaseHandler.cs","tags":{"FILE_LINE_OF_CODE":"107"}}
{"ts":1700758917398,"action":"FILE_CLOSED","file":"/CWRK_DDD/Database/DatabaseHandler.cs","tags":{"FILE_LINE_OF_CODE":"107"}}
{"ts":1700758917398,"action":"FILE_OPENED","file":"/CWRK_DDD/HelperMethods.cs","tags":{"FILE_LINE_OF_CODE":"23"}}
{"ts":1700758918000,"action":"FILE_CLOSED","file":"/CWRK_DDD/HelperMethods.cs","tags":{"FILE_LINE_OF_CODE":"23"}}
{"ts":1700758918000,"action":"FILE_OPENED","file":"/CWRK_DDD/UserAccounts.cs","tags":{"FILE_LINE_OF_CODE":"126"}}
{"ts":1700758918556,"action":"FILE_CLOSED","file":"/CWRK_DDD/UserAccounts.cs","tags":{"FILE_LINE_OF_CODE":"126"}}
{"ts":1700758918556,"action":"FILE_OPENED","file":"/CWRK_DDD/Database/DatabaseHandler.cs","tags":{"FILE_LINE_OF_CODE":"107"}}
{"ts":1700759083475,"action":"IDE_DEACTIVATED"}
{"ts":1700759083487,"action":"IDE_ACTIVATED"}
{"ts":1700759267691,"action":"IDE_DEACTIVATED"}
{"ts":1700759270535,"action":"IDE_ACTIVATED"}
{"ts":1700759355545,"action":"IDE_DEACTIVATED"}
{"ts":1700759429967,"action":"IDE_ACTIVATED"}
{"ts":1700759539617,"action":"IDE_DEACTIVATED"}
{"ts":1700759592034,"action":"IDE_ACTIVATED"}
{"ts":1700759615388,"action":"IDE_DEACTIVATED"}
{"ts":1700761230839,"action":"IDE_ACTIVATED"}
{"ts":1700761235126,"action":"IDE_DEACTIVATED"}
{"ts":1700761310389,"action":"IDE_ACTIVATED"}
{"ts":1700761437437,"action":"IDE_DEACTIVATED"}
{"ts":1700774722920,"action":"IDE_ACTIVATED"}
{"ts":1700774724292,"action":"IDE_DEACTIVATED"}
{"ts":1700774727027,"action":"PROJECT_CLOSED","tags":{"PROJECT_NAME":"CWRK_DDD"}}
{"ts":1700780800134,"action":"IDE_DEACTIVATED"}
{"ts":1700780805357,"action":"FILE_OPENED","file":"/CWRK_DDD/Program.cs","tags":{"FILE_LINE_OF_CODE":"166"}}
{"ts":1700780808751,"action":"FILE_CLOSED","file":"/CWRK_DDD/Program.cs","tags":{"FILE_LINE_OF_CODE":"166"}}
{"ts":1700780809670,"action":"PROJECT_OPENED","tags":{"PROJECT_NAME":"CWRK_DDD"}}
{"ts":1700781573171,"action":"IDE_ACTIVATED"}
{"ts":1700781574503,"action":"IDE_DEACTIVATED"}
{"ts":1700781597724,"action":"IDE_ACTIVATED"}
{"ts":1700781599765,"action":"FILE_OPENED","file":"/CWRK_DDD/Database/DatabaseHandler.cs","tags":{"FILE_LINE_OF_CODE":"139"}}
{"ts":1700781610300,"action":"IDE_DEACTIVATED"}
{"ts":1700781610665,"action":"IDE_ACTIVATED"}
{"ts":1700781611342,"action":"IDE_DEACTIVATED"}
{"ts":1700781611956,"action":"IDE_ACTIVATED"}
{"ts":1700781612130,"action":"IDE_DEACTIVATED"}
{"ts":1700781648974,"action":"IDE_ACTIVATED"}
{"ts":1700781676580,"action":"FILE_CLOSED","file":"/CWRK_DDD/Database/DatabaseHandler.cs","tags":{"FILE_LINE_OF_CODE":"139"}}
{"ts":1700781731858,"action":"IDE_DEACTIVATED"}
{"ts":1700781773590,"action":"IDE_ACTIVATED"}
{"ts":1700781788539,"action":"FILE_CLOSED","file":"/CWRK_Tests/UnitTest1.cs","tags":{"FILE_LINE_OF_CODE":"15"}}
{"ts":1700781788539,"action":"FILE_OPENED","file":"/CWRK_Tests/CWRK_Tests.csproj","tags":{"FILE_LINE_OF_CODE":"21"}}
{"ts":1700781812938,"action":"IDE_DEACTIVATED"}
{"ts":1700781824086,"action":"IDE_ACTIVATED"}
{"ts":1700781833523,"action":"FILE_OPENED","file":"/CWRK_DDD/Database/DatabaseHandler.cs","tags":{"FILE_LINE_OF_CODE":"139"}}
{"ts":1700781833623,"action":"FILE_CLOSED","file":"/CWRK_DDD/Database/DatabaseHandler.cs","tags":{"FILE_LINE_OF_CODE":"139"}}
{"ts":1700781833623,"action":"FILE_OPENED","file":"/TestProject1/UnitTest1.cs","tags":{"FILE_LINE_OF_CODE":"15"}}
{"ts":1700781838128,"action":"FILE_CLOSED","file":"/TestProject1/UnitTest1.cs","tags":{"FILE_LINE_OF_CODE":"15"}}
{"ts":1700781838128,"action":"FILE_OPENED","file":"/TestProject1/Usings.cs","tags":{"FILE_LINE_OF_CODE":"1"}}
{"ts":1700781838640,"action":"FILE_CLOSED","file":"/TestProject1/Usings.cs","tags":{"FILE_LINE_OF_CODE":"1"}}
{"ts":1700781838640,"action":"FILE_OPENED","file":"/TestProject1/UnitTest1.cs","tags":{"FILE_LINE_OF_CODE":"15"}}
{"ts":1700781923834,"action":"IDE_DEACTIVATED"}
{"ts":1700781948499,"action":"IDE_ACTIVATED"}
{"ts":1700781952927,"action":"IDE_DEACTIVATED"}
{"ts":1700781959559,"action":"IDE_ACTIVATED"}
{"ts":1700782027300,"action":"FILE_CLOSED","file":"/TestProject1/UnitTest1.cs","tags":{"FILE_LINE_OF_CODE":"17"}}
{"ts":1700782027300,"action":"FILE_OPENED","file":"/TestProject1/Usings.cs","tags":{"FILE_LINE_OF_CODE":"1"}}
{"ts":1700782027996,"action":"FILE_CLOSED","file":"/TestProject1/Usings.cs","tags":{"FILE_LINE_OF_CODE":"1"}}
{"ts":1700782027996,"action":"FILE_OPENED","file":"/CWRK_DDD/Database/DatabaseHandler.cs","tags":{"FILE_LINE_OF_CODE":"139"}}
{"ts":1700782037206,"action":"FILE_CLOSED","file":"/CWRK_DDD/Database/DatabaseHandler.cs","tags":{"FILE_LINE_OF_CODE":"139"}}
{"ts":1700782037207,"action":"FILE_OPENED","file":"/TestProject1/UnitTest1.cs","tags":{"FILE_LINE_OF_CODE":"17"}}
{"ts":1700782065307,"action":"FILE_CLOSED","file":"/TestProject1/UnitTest1.cs","tags":{"FILE_LINE_OF_CODE":"18"}}
{"ts":1700782065307,"action":"FILE_OPENED","file":"/CWRK_DDD/Database/DatabaseHandler.cs","tags":{"FILE_LINE_OF_CODE":"139"}}
{"ts":1700782067695,"action":"FILE_CLOSED","file":"/CWRK_DDD/Database/DatabaseHandler.cs","tags":{"FILE_LINE_OF_CODE":"139"}}
{"ts":1700782067695,"action":"FILE_OPENED","file":"/TestProject1/UnitTest1.cs","tags":{"FILE_LINE_OF_CODE":"18"}}
{"ts":1700782325463,"action":"IDE_DEACTIVATED"}
{"ts":1700782348626,"action":"IDE_ACTIVATED"}
{"ts":1700782367657,"action":"FILE_CLOSED","file":"/TestProject1/UnitTest1.cs","tags":{"FILE_LINE_OF_CODE":"23"}}
{"ts":1700782372190,"action":"FILE_OPENED","file":"/TestProject1/UnitTest1.cs","tags":{"FILE_LINE_OF_CODE":"23"}}
{"ts":1700782413094,"action":"FILE_CLOSED","file":"/TestProject1/UnitTest1.cs","tags":{"FILE_LINE_OF_CODE":"23"}}
{"ts":1700782413094,"action":"FILE_OPENED","file":"/CWRK_DDD/Program.cs","tags":{"FILE_LINE_OF_CODE":"166"}}
{"ts":1700782464952,"action":"FILE_CLOSED","file":"/CWRK_DDD/Program.cs","tags":{"FILE_LINE_OF_CODE":"167"}}
{"ts":1700782464952,"action":"FILE_OPENED","file":"/CWRK_DDD/Database/DatabaseHandler.cs","tags":{"FILE_LINE_OF_CODE":"139"}}
{"ts":1700782482137,"action":"FILE_CLOSED","file":"/CWRK_DDD/Database/DatabaseHandler.cs","tags":{"FILE_LINE_OF_CODE":"139"}}
{"ts":1700782482137,"action":"FILE_OPENED","file":"/CWRK_DDD/Program.cs","tags":{"FILE_LINE_OF_CODE":"167"}}
{"ts":1700782486178,"action":"FILE_CLOSED","file":"/CWRK_DDD/Program.cs","tags":{"FILE_LINE_OF_CODE":"167"}}
{"ts":1700782486178,"action":"FILE_OPENED","file":"/CWRK_DDD/Database/DatabaseHandler.cs","tags":{"FILE_LINE_OF_CODE":"139"}}
{"ts":1700782505666,"action":"FILE_CLOSED","file":"/CWRK_DDD/Database/DatabaseHandler.cs","tags":{"FILE_LINE_OF_CODE":"139"}}
{"ts":1700782505666,"action":"FILE_OPENED","file":"/CWRK_DDD/HelperMethods.cs","tags":{"FILE_LINE_OF_CODE":"23"}}
{"ts":1700782508409,"action":"FILE_CLOSED","file":"/CWRK_DDD/HelperMethods.cs","tags":{"FILE_LINE_OF_CODE":"23"}}
{"ts":1700782508409,"action":"FILE_OPENED","file":"/CWRK_DDD/Database/DatabaseHandler.cs","tags":{"FILE_LINE_OF_CODE":"139"}}
{"ts":1700782527138,"action":"FILE_CLOSED","file":"/CWRK_DDD/Database/DatabaseHandler.cs","tags":{"FILE_LINE_OF_CODE":"139"}}
{"ts":1700782527138,"action":"FILE_OPENED","file":"/CWRK_DDD/HelperMethods.cs","tags":{"FILE_LINE_OF_CODE":"23"}}
{"ts":1700782527710,"action":"FILE_CLOSED","file":"/CWRK_DDD/HelperMethods.cs","tags":{"FILE_LINE_OF_CODE":"23"}}
{"ts":1700782527710,"action":"FILE_OPENED","file":"/CWRK_DDD/UserAccounts.cs","tags":{"FILE_LINE_OF_CODE":"126"}}
{"ts":1700782528137,"action":"FILE_CLOSED","file":"/CWRK_DDD/UserAccounts.cs","tags":{"FILE_LINE_OF_CODE":"126"}}
{"ts":1700782528137,"action":"FILE_OPENED","file":"/CWRK_DDD/Program.cs","tags":{"FILE_LINE_OF_CODE":"167"}}
{"ts":1700782541876,"action":"FILE_CLOSED","file":"/CWRK_DDD/Program.cs","tags":{"FILE_LINE_OF_CODE":"167"}}
{"ts":1700782541876,"action":"FILE_OPENED","file":"/CWRK_DDD/Database/DatabaseHandler.cs","tags":{"FILE_LINE_OF_CODE":"139"}}
{"ts":1700782603220,"action":"FILE_CLOSED","file":"/CWRK_DDD/Database/DatabaseHandler.cs","tags":{"FILE_LINE_OF_CODE":"139"}}
{"ts":1700782603220,"action":"FILE_OPENED","file":"/CWRK_DDD/Program.cs","tags":{"FILE_LINE_OF_CODE":"167"}}
{"ts":1700782681429,"action":"FILE_CLOSED","file":"/CWRK_DDD/Program.cs","tags":{"FILE_LINE_OF_CODE":"172"}}
{"ts":1700782681429,"action":"FILE_OPENED","file":"/CWRK_DDD/UserAccounts.cs","tags":{"FILE_LINE_OF_CODE":"126"}}
{"ts":1700782681836,"action":"FILE_CLOSED","file":"/CWRK_DDD/UserAccounts.cs","tags":{"FILE_LINE_OF_CODE":"126"}}
{"ts":1700782681836,"action":"FILE_OPENED","file":"/CWRK_DDD/HelperMethods.cs","tags":{"FILE_LINE_OF_CODE":"23"}}
{"ts":1700782682161,"action":"FILE_CLOSED","file":"/CWRK_DDD/HelperMethods.cs","tags":{"FILE_LINE_OF_CODE":"23"}}
{"ts":1700782682161,"action":"FILE_OPENED","file":"/CWRK_DDD/Database/DatabaseHandler.cs","tags":{"FILE_LINE_OF_CODE":"139"}}
{"ts":1700782726368,"action":"FILE_CLOSED","file":"/CWRK_DDD/Database/DatabaseHandler.cs","tags":{"FILE_LINE_OF_CODE":"147"}}
{"ts":1700782726368,"action":"FILE_OPENED","file":"/CWRK_DDD/HelperMethods.cs","tags":{"FILE_LINE_OF_CODE":"23"}}
{"ts":1700782729997,"action":"FILE_CLOSED","file":"/CWRK_DDD/HelperMethods.cs","tags":{"FILE_LINE_OF_CODE":"23"}}
{"ts":1700782729997,"action":"FILE_OPENED","file":"/CWRK_DDD/UserAccounts.cs","tags":{"FILE_LINE_OF_CODE":"126"}}
{"ts":1700782730608,"action":"FILE_CLOSED","file":"/CWRK_DDD/UserAccounts.cs","tags":{"FILE_LINE_OF_CODE":"126"}}
{"ts":1700782730608,"action":"FILE_OPENED","file":"/CWRK_DDD/Program.cs","tags":{"FILE_LINE_OF_CODE":"172"}}
{"ts":1700782780150,"action":"FILE_CLOSED","file":"/CWRK_DDD/Program.cs","tags":{"FILE_LINE_OF_CODE":"172"}}
{"ts":1700782780150,"action":"FILE_OPENED","file":"/CWRK_DDD/UserAccounts.cs","tags":{"FILE_LINE_OF_CODE":"126"}}
{"ts":1700782861614,"action":"FILE_CLOSED","file":"/CWRK_DDD/UserAccounts.cs","tags":{"FILE_LINE_OF_CODE":"131"}}
{"ts":1700782861614,"action":"FILE_OPENED","file":"/CWRK_DDD/Program.cs","tags":{"FILE_LINE_OF_CODE":"172"}}
{"ts":1700782867628,"action":"FILE_CLOSED","file":"/CWRK_DDD/Program.cs","tags":{"FILE_LINE_OF_CODE":"172"}}
{"ts":1700782867628,"action":"FILE_OPENED","file":"/CWRK_DDD/UserAccounts.cs","tags":{"FILE_LINE_OF_CODE":"131"}}
{"ts":1700782870272,"action":"FILE_CLOSED","file":"/CWRK_DDD/UserAccounts.cs","tags":{"FILE_LINE_OF_CODE":"131"}}
{"ts":1700782870272,"action":"FILE_OPENED","file":"/CWRK_DDD/Program.cs","tags":{"FILE_LINE_OF_CODE":"172"}}
{"ts":1700782878869,"action":"FILE_CLOSED","file":"/CWRK_DDD/Program.cs","tags":{"FILE_LINE_OF_CODE":"172"}}
{"ts":1700782878869,"action":"FILE_OPENED","file":"/CWRK_DDD/UserAccounts.cs","tags":{"FILE_LINE_OF_CODE":"131"}}
{"ts":1700782885825,"action":"IDE_DEACTIVATED"}
{"ts":1700782932437,"action":"IDE_ACTIVATED"}
{"ts":1700783040678,"action":"FILE_CLOSED","file":"/CWRK_DDD/UserAccounts.cs","tags":{"FILE_LINE_OF_CODE":"143"}}
{"ts":1700783040678,"action":"FILE_OPENED","file":"/CWRK_DDD/Program.cs","tags":{"FILE_LINE_OF_CODE":"172"}}
{"ts":1700783044490,"action":"FILE_CLOSED","file":"/CWRK_DDD/Program.cs","tags":{"FILE_LINE_OF_CODE":"172"}}
{"ts":1700783044490,"action":"FILE_OPENED","file":"/CWRK_DDD/UserAccounts.cs","tags":{"FILE_LINE_OF_CODE":"143"}}
{"ts":1700783069606,"action":"FILE_CLOSED","file":"/CWRK_DDD/UserAccounts.cs","tags":{"FILE_LINE_OF_CODE":"143"}}
{"ts":1700783069606,"action":"FILE_OPENED","file":"/CWRK_DDD/Program.cs","tags":{"FILE_LINE_OF_CODE":"172"}}
{"ts":1700783070421,"action":"FILE_CLOSED","file":"/CWRK_DDD/Program.cs","tags":{"FILE_LINE_OF_CODE":"172"}}
{"ts":1700783070421,"action":"FILE_OPENED","file":"/TestProject1/UnitTest1.cs","tags":{"FILE_LINE_OF_CODE":"23"}}
{"ts":1700783073820,"action":"FILE_CLOSED","file":"/TestProject1/UnitTest1.cs","tags":{"FILE_LINE_OF_CODE":"23"}}
{"ts":1700783073820,"action":"FILE_OPENED","file":"/TestProject1/Usings.cs","tags":{"FILE_LINE_OF_CODE":"1"}}
{"ts":1700783075724,"action":"FILE_CLOSED","file":"/TestProject1/Usings.cs","tags":{"FILE_LINE_OF_CODE":"1"}}
{"ts":1700783075758,"action":"FILE_OPENED","file":"/TestProject1/UnitTest1.cs","tags":{"FILE_LINE_OF_CODE":"23"}}
{"ts":1700783076745,"action":"FILE_CLOSED","file":"/TestProject1/UnitTest1.cs","tags":{"FILE_LINE_OF_CODE":"23"}}
{"ts":1700783076745,"action":"FILE_OPENED","file":"/CWRK_DDD/Program.cs","tags":{"FILE_LINE_OF_CODE":"172"}}
{"ts":1700783082910,"action":"FILE_CLOSED","file":"/CWRK_DDD/Program.cs","tags":{"FILE_LINE_OF_CODE":"172"}}
{"ts":1700783082910,"action":"FILE_OPENED","file":"/CWRK_DDD/UserAccounts.cs","tags":{"FILE_LINE_OF_CODE":"143"}}
{"ts":1700783089408,"action":"FILE_CLOSED","file":"/CWRK_DDD/UserAccounts.cs","tags":{"FILE_LINE_OF_CODE":"143"}}
{"ts":1700783089408,"action":"FILE_OPENED","file":"/TestProject1/UnitTest1.cs","tags":{"FILE_LINE_OF_CODE":"23"}}
{"ts":1700783097233,"action":"FILE_CLOSED","file":"/TestProject1/UnitTest1.cs","tags":{"FILE_LINE_OF_CODE":"23"}}
{"ts":1700783097233,"action":"FILE_OPENED","file":"/CWRK_DDD/UserAccounts.cs","tags":{"FILE_LINE_OF_CODE":"143"}}
{"ts":1700783108888,"action":"FILE_CLOSED","file":"/CWRK_DDD/UserAccounts.cs","tags":{"FILE_LINE_OF_CODE":"143"}}
{"ts":1700783108888,"action":"FILE_OPENED","file":"/TestProject1/UnitTest1.cs","tags":{"FILE_LINE_OF_CODE":"23"}}
{"ts":1700783122081,"action":"FILE_CLOSED","file":"/TestProject1/UnitTest1.cs","tags":{"FILE_LINE_OF_CODE":"23"}}
{"ts":1700783122081,"action":"FILE_OPENED","file":"/CWRK_DDD/Database/DatabaseHandler.cs","tags":{"FILE_LINE_OF_CODE":"147"}}
{"ts":1700783136536,"action":"FILE_CLOSED","file":"/CWRK_DDD/Database/DatabaseHandler.cs","tags":{"FILE_LINE_OF_CODE":"147"}}
{"ts":1700783136536,"action":"FILE_OPENED","file":"/TestProject1/UnitTest1.cs","tags":{"FILE_LINE_OF_CODE":"23"}}
{"ts":1700783149116,"action":"FILE_CLOSED","file":"/TestProject1/UnitTest1.cs","tags":{"FILE_LINE_OF_CODE":"23"}}
{"ts":1700783149117,"action":"FILE_OPENED","file":"/CWRK_DDD/Database/DatabaseHandler.cs","tags":{"FILE_LINE_OF_CODE":"147"}}
{"ts":1700783155033,"action":"FILE_CLOSED","file":"/CWRK_DDD/Database/DatabaseHandler.cs","tags":{"FILE_LINE_OF_CODE":"147"}}
{"ts":1700783155033,"action":"FILE_OPENED","file":"/CWRK_DDD/Program.cs","tags":{"FILE_LINE_OF_CODE":"172"}}
{"ts":1700783156123,"action":"FILE_CLOSED","file":"/CWRK_DDD/Program.cs","tags":{"FILE_LINE_OF_CODE":"172"}}
{"ts":1700783156123,"action":"FILE_OPENED","file":"/CWRK_DDD/Database/DatabaseHandler.cs","tags":{"FILE_LINE_OF_CODE":"147"}}
{"ts":1700783196974,"action":"FILE_CLOSED","file":"/CWRK_DDD/Database/DatabaseHandler.cs","tags":{"FILE_LINE_OF_CODE":"147"}}
{"ts":1700783196974,"action":"FILE_OPENED","file":"/CWRK_DDD/Program.cs","tags":{"FILE_LINE_OF_CODE":"172"}}
{"ts":1700783223321,"action":"FILE_CLOSED","file":"/CWRK_DDD/Program.cs","tags":{"FILE_LINE_OF_CODE":"172"}}
{"ts":1700783327345,"action":"IDE_DEACTIVATED"}
{"ts":1700783897186,"action":"IDE_ACTIVATED"}
{"ts":1700783909628,"action":"FILE_OPENED","file":"/CWRK_DDD/UserAccounts.cs","tags":{"FILE_LINE_OF_CODE":"143"}}
{"ts":1700783918430,"action":"FILE_CLOSED","file":"/CWRK_DDD/UserAccounts.cs","tags":{"FILE_LINE_OF_CODE":"143"}}
{"ts":1700783918430,"action":"FILE_OPENED","file":"/CWRK_DDD/Database/DatabaseHandler.cs","tags":{"FILE_LINE_OF_CODE":"147"}}
{"ts":1700783955520,"action":"FILE_CLOSED","file":"/CWRK_DDD/Database/DatabaseHandler.cs","tags":{"FILE_LINE_OF_CODE":"147"}}
{"ts":1700783955520,"action":"FILE_OPENED","file":"/CWRK_DDD/HelperMethods.cs","tags":{"FILE_LINE_OF_CODE":"23"}}
{"ts":1700783974240,"action":"FILE_CLOSED","file":"/CWRK_DDD/HelperMethods.cs","tags":{"FILE_LINE_OF_CODE":"23"}}
{"ts":1700783974240,"action":"FILE_OPENED","file":"/CWRK_DDD/Database/DatabaseHandler.cs","tags":{"FILE_LINE_OF_CODE":"147"}}
{"ts":1700783974691,"action":"FILE_CLOSED","file":"/CWRK_DDD/Database/DatabaseHandler.cs","tags":{"FILE_LINE_OF_CODE":"147"}}
{"ts":1700783974691,"action":"FILE_OPENED","file":"/TestProject1/UnitTest1.cs","tags":{"FILE_LINE_OF_CODE":"23"}}
{"ts":1700783975349,"action":"FILE_CLOSED","file":"/TestProject1/UnitTest1.cs","tags":{"FILE_LINE_OF_CODE":"23"}}
{"ts":1700783975349,"action":"FILE_OPENED","file":"/CWRK_DDD/Database/DatabaseHandler.cs","tags":{"FILE_LINE_OF_CODE":"147"}}
{"ts":1700784055235,"action":"IDE_DEACTIVATED"}
{"ts":1700784098928,"action":"IDE_ACTIVATED"}
{"ts":1700784102208,"action":"IDE_DEACTIVATED"}
{"ts":1700784138554,"action":"IDE_ACTIVATED"}
{"ts":1700784150236,"action":"FILE_CLOSED","file":"/CWRK_DDD/Database/DatabaseHandler.cs","tags":{"FILE_LINE_OF_CODE":"147"}}
{"ts":1700784150236,"action":"FILE_OPENED","file":"/TestProject1/UnitTest1.cs","tags":{"FILE_LINE_OF_CODE":"23"}}
{"ts":1700784197689,"action":"FILE_CLOSED","file":"/TestProject1/UnitTest1.cs","tags":{"FILE_LINE_OF_CODE":"23"}}
{"ts":1700784197689,"action":"FILE_OPENED","file":"/CWRK_DDD/Database/DatabaseHandler.cs","tags":{"FILE_LINE_OF_CODE":"147"}}
{"ts":1700784199247,"action":"FILE_CLOSED","file":"/CWRK_DDD/Database/DatabaseHandler.cs","tags":{"FILE_LINE_OF_CODE":"147"}}
{"ts":1700784199247,"action":"FILE_OPENED","file":"/CWRK_DDD/HelperMethods.cs","tags":{"FILE_LINE_OF_CODE":"23"}}
{"ts":1700784199675,"action":"FILE_CLOSED","file":"/CWRK_DDD/HelperMethods.cs","tags":{"FILE_LINE_OF_CODE":"23"}}
{"ts":1700784199675,"action":"FILE_OPENED","file":"/CWRK_DDD/UserAccounts.cs","tags":{"FILE_LINE_OF_CODE":"143"}}
{"ts":1700784200018,"action":"FILE_CLOSED","file":"/CWRK_DDD/UserAccounts.cs","tags":{"FILE_LINE_OF_CODE":"143"}}
{"ts":1700784200018,"action":"FILE_OPENED","file":"/CWRK_DDD/Program.cs","tags":{"FILE_LINE_OF_CODE":"172"}}
{"ts":1700784208892,"action":"FILE_CLOSED","file":"/CWRK_DDD/Program.cs","tags":{"FILE_LINE_OF_CODE":"172"}}
{"ts":1700784208892,"action":"FILE_OPENED","file":"/TestProject1/UnitTest1.cs","tags":{"FILE_LINE_OF_CODE":"23"}}
{"ts":1700784211362,"action":"FILE_CLOSED","file":"/TestProject1/UnitTest1.cs","tags":{"FILE_LINE_OF_CODE":"23"}}
{"ts":1700784211362,"action":"FILE_OPENED","file":"/CWRK_DDD/Program.cs","tags":{"FILE_LINE_OF_CODE":"172"}}
{"ts":1700784212638,"action":"FILE_CLOSED","file":"/CWRK_DDD/Program.cs","tags":{"FILE_LINE_OF_CODE":"172"}}
{"ts":1700784212638,"action":"FILE_OPENED","file":"/TestProject1/UnitTest1.cs","tags":{"FILE_LINE_OF_CODE":"23"}}
{"ts":1700784228354,"action":"IDE_DEACTIVATED"}
{"ts":1700784308863,"action":"IDE_ACTIVATED"}
{"ts":1700784357836,"action":"IDE_DEACTIVATED"}
{"ts":1700784362099,"action":"IDE_ACTIVATED"}
{"ts":1700784420309,"action":"FILE_CLOSED","file":"/TestProject1/UnitTest1.cs","tags":{"FILE_LINE_OF_CODE":"22"}}
{"ts":1700784420309,"action":"FILE_OPENED","file":"/TestProject1/TestDatabase.db","tags":{"FILE_LINE_OF_CODE":"0"}}
{"ts":1700784427195,"action":"FILE_CLOSED","file":"/TestProject1/TestDatabase.db","tags":{"FILE_LINE_OF_CODE":"0"}}
{"ts":1700784427225,"action":"FILE_OPENED","file":"/TestProject1/UnitTest1.cs","tags":{"FILE_LINE_OF_CODE":"22"}}
{"ts":1700784467260,"action":"IDE_DEACTIVATED"}
{"ts":1700784467265,"action":"IDE_ACTIVATED"}
{"ts":1700784467387,"action":"IDE_DEACTIVATED"}
{"ts":1700784470679,"action":"IDE_ACTIVATED"}
{"ts":1700784517559,"action":"FILE_CLOSED","file":"/TestProject1/UnitTest1.cs","tags":{"FILE_LINE_OF_CODE":"22"}}
{"ts":1700784642939,"action":"FILE_OPENED","file":"/TestProject1/UnitTest1.cs","tags":{"FILE_LINE_OF_CODE":"22"}}
{"ts":1700784644212,"action":"FILE_CLOSED","file":"/TestProject1/UnitTest1.cs","tags":{"FILE_LINE_OF_CODE":"22"}}
{"ts":1700784695422,"action":"FILE_OPENED","file":"/TestProject1/UnitTest1.cs","tags":{"FILE_LINE_OF_CODE":"22"}}
{"ts":1700784695478,"action":"FILE_CLOSED","file":"/TestProject1/UnitTest1.cs","tags":{"FILE_LINE_OF_CODE":"22"}}
{"ts":1700784702170,"action":"FILE_OPENED","file":"/TestProject1/UnitTest1.cs","tags":{"FILE_LINE_OF_CODE":"22"}}
{"ts":1700784705274,"action":"FILE_CLOSED","file":"/TestProject1/UnitTest1.cs","tags":{"FILE_LINE_OF_CODE":"22"}}
{"ts":1700784705274,"action":"FILE_OPENED","file":"/CWRK_DDD/HelperMethods.cs","tags":{"FILE_LINE_OF_CODE":"23"}}
{"ts":1700784705689,"action":"FILE_CLOSED","file":"/CWRK_DDD/HelperMethods.cs","tags":{"FILE_LINE_OF_CODE":"23"}}
{"ts":1700784705689,"action":"FILE_OPENED","file":"/CWRK_DDD/UserAccounts.cs","tags":{"FILE_LINE_OF_CODE":"143"}}
{"ts":1700784706176,"action":"FILE_CLOSED","file":"/CWRK_DDD/UserAccounts.cs","tags":{"FILE_LINE_OF_CODE":"143"}}
{"ts":1700784706176,"action":"FILE_OPENED","file":"/CWRK_DDD/Program.cs","tags":{"FILE_LINE_OF_CODE":"172"}}
{"ts":1700784707803,"action":"FILE_CLOSED","file":"/CWRK_DDD/Program.cs","tags":{"FILE_LINE_OF_CODE":"172"}}
{"ts":1700784707803,"action":"FILE_OPENED","file":"/CWRK_DDD/HelperMethods.cs","tags":{"FILE_LINE_OF_CODE":"23"}}
{"ts":1700784709837,"action":"FILE_CLOSED","file":"/CWRK_DDD/HelperMethods.cs","tags":{"FILE_LINE_OF_CODE":"23"}}
{"ts":1700784709837,"action":"FILE_OPENED","file":"/CWRK_DDD/Database/DatabaseHandler.cs","tags":{"FILE_LINE_OF_CODE":"147"}}
{"ts":1700784712149,"action":"FILE_CLOSED","file":"/CWRK_DDD/Database/DatabaseHandler.cs","tags":{"FILE_LINE_OF_CODE":"147"}}
{"ts":1700784712149,"action":"FILE_OPENED","file":"/TestProject1/UnitTest1.cs","tags":{"FILE_LINE_OF_CODE":"22"}}
{"ts":1700784714136,"action":"FILE_CLOSED","file":"/TestProject1/UnitTest1.cs","tags":{"FILE_LINE_OF_CODE":"22"}}
{"ts":1700784714136,"action":"FILE_OPENED","file":"/CWRK_DDD/Database/DatabaseHandler.cs","tags":{"FILE_LINE_OF_CODE":"147"}}
{"ts":1700784716852,"action":"FILE_CLOSED","file":"/CWRK_DDD/Database/DatabaseHandler.cs","tags":{"FILE_LINE_OF_CODE":"147"}}
{"ts":1700784716852,"action":"FILE_OPENED","file":"/CWRK_DDD/UserAccounts.cs","tags":{"FILE_LINE_OF_CODE":"143"}}
{"ts":1700784717246,"action":"FILE_CLOSED","file":"/CWRK_DDD/UserAccounts.cs","tags":{"FILE_LINE_OF_CODE":"143"}}
{"ts":1700784717246,"action":"FILE_OPENED","file":"/CWRK_DDD/Program.cs","tags":{"FILE_LINE_OF_CODE":"172"}}
{"ts":1700784722267,"action":"FILE_CLOSED","file":"/CWRK_DDD/Program.cs","tags":{"FILE_LINE_OF_CODE":"172"}}
{"ts":1700784722267,"action":"FILE_OPENED","file":"/TestProject1/UnitTest1.cs","tags":{"FILE_LINE_OF_CODE":"22"}}
{"ts":1700784722877,"action":"FILE_CLOSED","file":"/TestProject1/UnitTest1.cs","tags":{"FILE_LINE_OF_CODE":"22"}}
{"ts":1700784722877,"action":"FILE_OPENED","file":"/CWRK_DDD/Database/DatabaseHandler.cs","tags":{"FILE_LINE_OF_CODE":"147"}}
{"ts":1700784723954,"action":"FILE_CLOSED","file":"/CWRK_DDD/Database/DatabaseHandler.cs","tags":{"FILE_LINE_OF_CODE":"147"}}
{"ts":1700784723954,"action":"FILE_OPENED","file":"/TestProject1/UnitTest1.cs","tags":{"FILE_LINE_OF_CODE":"22"}}
{"ts":1700784750970,"action":"FILE_CLOSED","file":"/TestProject1/UnitTest1.cs","tags":{"FILE_LINE_OF_CODE":"22"}}
{"ts":1700784750970,"action":"FILE_OPENED","file":"/CWRK_DDD/Database/DatabaseHandler.cs","tags":{"FILE_LINE_OF_CODE":"147"}}
{"ts":1700784751733,"action":"FILE_CLOSED","file":"/CWRK_DDD/Database/DatabaseHandler.cs","tags":{"FILE_LINE_OF_CODE":"147"}}
{"ts":1700784751733,"action":"FILE_OPENED","file":"/TestProject1/UnitTest1.cs","tags":{"FILE_LINE_OF_CODE":"22"}}
{"ts":1700784754326,"action":"FILE_CLOSED","file":"/TestProject1/UnitTest1.cs","tags":{"FILE_LINE_OF_CODE":"22"}}
{"ts":1700784754326,"action":"FILE_OPENED","file":"/CWRK_DDD/Program.cs","tags":{"FILE_LINE_OF_CODE":"172"}}
{"ts":1700784762455,"action":"FILE_CLOSED","file":"/CWRK_DDD/Program.cs","tags":{"FILE_LINE_OF_CODE":"171"}}
{"ts":1700784762455,"action":"FILE_OPENED","file":"/TestProject1/UnitTest1.cs","tags":{"FILE_LINE_OF_CODE":"22"}}
{"ts":1700784787246,"action":"FILE_CLOSED","file":"/TestProject1/UnitTest1.cs","tags":{"FILE_LINE_OF_CODE":"22"}}
{"ts":1700784823406,"action":"FILE_OPENED","file":"/TestProject1/UnitTest1.cs","tags":{"FILE_LINE_OF_CODE":"22"}}
{"ts":1700784824198,"action":"FILE_CLOSED","file":"/TestProject1/UnitTest1.cs","tags":{"FILE_LINE_OF_CODE":"22"}}
{"ts":1700784839126,"action":"FILE_OPENED","file":"/TestProject1/UnitTest1.cs","tags":{"FILE_LINE_OF_CODE":"22"}}
{"ts":1700784839842,"action":"FILE_CLOSED","file":"/TestProject1/UnitTest1.cs","tags":{"FILE_LINE_OF_CODE":"22"}}
{"ts":1700784839842,"action":"FILE_OPENED","file":"/CWRK_DDD/Database/DatabaseHandler.cs","tags":{"FILE_LINE_OF_CODE":"147"}}
{"ts":1700784899490,"action":"FILE_CLOSED","file":"/CWRK_DDD/Database/DatabaseHandler.cs","tags":{"FILE_LINE_OF_CODE":"147"}}
{"ts":1700784899490,"action":"FILE_OPENED","file":"/TestProject1/UnitTest1.cs","tags":{"FILE_LINE_OF_CODE":"22"}}
{"ts":1700784899814,"action":"FILE_CLOSED","file":"/TestProject1/UnitTest1.cs","tags":{"FILE_LINE_OF_CODE":"22"}}
{"ts":1700784904514,"action":"FILE_OPENED","file":"/CWRK_DDD/Program.cs","tags":{"FILE_LINE_OF_CODE":"171"}}
{"ts":1700784906237,"action":"FILE_CLOSED","file":"/CWRK_DDD/Program.cs","tags":{"FILE_LINE_OF_CODE":"171"}}
{"ts":1700784906237,"action":"FILE_OPENED","file":"/CWRK_DDD/UserAccounts.cs","tags":{"FILE_LINE_OF_CODE":"143"}}
{"ts":1700784906932,"action":"FILE_CLOSED","file":"/CWRK_DDD/UserAccounts.cs","tags":{"FILE_LINE_OF_CODE":"143"}}
{"ts":1700784906932,"action":"FILE_OPENED","file":"/TestProject1/UnitTest1.cs","tags":{"FILE_LINE_OF_CODE":"22"}}
{"ts":1700784907475,"action":"FILE_CLOSED","file":"/TestProject1/UnitTest1.cs","tags":{"FILE_LINE_OF_CODE":"22"}}
{"ts":1700784907475,"action":"FILE_OPENED","file":"/CWRK_DDD/Database/DatabaseHandler.cs","tags":{"FILE_LINE_OF_CODE":"147"}}
{"ts":1700784908743,"action":"FILE_CLOSED","file":"/CWRK_DDD/Database/DatabaseHandler.cs","tags":{"FILE_LINE_OF_CODE":"147"}}
{"ts":1700784938251,"action":"FILE_OPENED","file":"/TestProject1/UnitTest1.cs","tags":{"FILE_LINE_OF_CODE":"22"}}
{"ts":1700784940935,"action":"FILE_CLOSED","file":"/TestProject1/UnitTest1.cs","tags":{"FILE_LINE_OF_CODE":"22"}}
{"ts":1700784940935,"action":"FILE_OPENED","file":"/CWRK_DDD/Database/DatabaseHandler.cs","tags":{"FILE_LINE_OF_CODE":"147"}}
{"ts":1700784973493,"action":"FILE_CLOSED","file":"/CWRK_DDD/Database/DatabaseHandler.cs","tags":{"FILE_LINE_OF_CODE":"147"}}
{"ts":1700784973493,"action":"FILE_OPENED","file":"/TestProject1/UnitTest1.cs","tags":{"FILE_LINE_OF_CODE":"22"}}
{"ts":1700784974175,"action":"FILE_CLOSED","file":"/TestProject1/UnitTest1.cs","tags":{"FILE_LINE_OF_CODE":"22"}}
{"ts":1700784976585,"action":"FILE_OPENED","file":"/CWRK_DDD/Database/DatabaseHandler.cs","tags":{"FILE_LINE_OF_CODE":"147"}}
{"ts":1700784982697,"action":"IDE_DEACTIVATED"}
{"ts":1700785039932,"action":"IDE_ACTIVATED"}
{"ts":1700785041680,"action":"IDE_DEACTIVATED"}
{"ts":1700785043044,"action":"IDE_ACTIVATED"}
{"ts":1700785043068,"action":"IDE_DEACTIVATED"}
{"ts":1700785043081,"action":"IDE_ACTIVATED"}
{"ts":1700785043438,"action":"IDE_DEACTIVATED"}
{"ts":1700785050182,"action":"IDE_ACTIVATED"}
{"ts":1700785050194,"action":"IDE_DEACTIVATED"}
{"ts":1700785050219,"action":"IDE_ACTIVATED"}
{"ts":1700785050230,"action":"IDE_DEACTIVATED"}
{"ts":1700785316310,"action":"IDE_ACTIVATED"}
{"ts":1700785320210,"action":"IDE_DEACTIVATED"}
{"ts":1700825582130,"action":"IDE_ACTIVATED"}
{"ts":1700825585130,"action":"IDE_DEACTIVATED"}
{"ts":1700825606674,"action":"IDE_ACTIVATED"}
{"ts":1700825606859,"action":"IDE_DEACTIVATED"}
{"ts":1700825692520,"action":"IDE_ACTIVATED"}
{"ts":1700825721161,"action":"FILE_CLOSED","file":"/CWRK_DDD/Database/DatabaseHandler.cs","tags":{"FILE_LINE_OF_CODE":"147"}}
{"ts":1700825721161,"action":"FILE_OPENED","file":"/TestProject1/UnitTest1.cs","tags":{"FILE_LINE_OF_CODE":"22"}}
{"ts":1700825722779,"action":"IDE_DEACTIVATED"}
{"ts":1700825752158,"action":"IDE_ACTIVATED"}
{"ts":1700825761211,"action":"IDE_DEACTIVATED"}
{"ts":1700825771403,"action":"IDE_ACTIVATED"}
{"ts":1700825800183,"action":"IDE_DEACTIVATED"}
{"ts":1700825831322,"action":"IDE_ACTIVATED"}
{"ts":1700825848656,"action":"IDE_DEACTIVATED"}
{"ts":1700825902053,"action":"IDE_ACTIVATED"}
{"ts":1700825920976,"action":"IDE_DEACTIVATED"}
{"ts":1700825923084,"action":"IDE_ACTIVATED"}
{"ts":1700825930117,"action":"IDE_DEACTIVATED"}
{"ts":1700826006551,"action":"IDE_ACTIVATED"}
{"ts":1700826087582,"action":"FILE_CLOSED","file":"/TestProject1/UnitTest1.cs","tags":{"FILE_LINE_OF_CODE":"23"}}
{"ts":1700826088263,"action":"FILE_OPENED","file":"/TestProject1/UnitTest1.cs","tags":{"FILE_LINE_OF_CODE":"23"}}
{"ts":1700826093782,"action":"FILE_CLOSED","file":"/TestProject1/UnitTest1.cs","tags":{"FILE_LINE_OF_CODE":"23"}}
{"ts":1700826093782,"action":"FILE_OPENED","file":"/CWRK_DDD/Program.cs","tags":{"FILE_LINE_OF_CODE":"171"}}
{"ts":1700826119414,"action":"FILE_CLOSED","file":"/CWRK_DDD/Program.cs","tags":{"FILE_LINE_OF_CODE":"173"}}
{"ts":1700826119414,"action":"FILE_OPENED","file":"/TestProject1/UnitTest1.cs","tags":{"FILE_LINE_OF_CODE":"23"}}
{"ts":1700826251550,"action":"IDE_DEACTIVATED"}
{"ts":1700826262651,"action":"IDE_ACTIVATED"}
{"ts":1700826313098,"action":"IDE_DEACTIVATED"}
{"ts":1700826425178,"action":"IDE_ACTIVATED"}
{"ts":1700826484204,"action":"FILE_CLOSED","file":"/TestProject1/UnitTest1.cs","tags":{"FILE_LINE_OF_CODE":"26"}}
{"ts":1700826485306,"action":"FILE_OPENED","file":"/TestProject1/UnitTest1.cs","tags":{"FILE_LINE_OF_CODE":"26"}}
{"ts":1700826487364,"action":"FILE_CLOSED","file":"/TestProject1/UnitTest1.cs","tags":{"FILE_LINE_OF_CODE":"26"}}
{"ts":1700826493690,"action":"FILE_OPENED","file":"/TestProject1/UnitTest1.cs","tags":{"FILE_LINE_OF_CODE":"26"}}
{"ts":1700826591668,"action":"FILE_CLOSED","file":"/TestProject1/UnitTest1.cs","tags":{"FILE_LINE_OF_CODE":"27"}}
{"ts":1700826591668,"action":"FILE_OPENED","file":"/CWRK_DDD/Database/DatabaseHandler.cs","tags":{"FILE_LINE_OF_CODE":"147"}}
{"ts":1700826766493,"action":"FILE_CLOSED","file":"/CWRK_DDD/Database/DatabaseHandler.cs","tags":{"FILE_LINE_OF_CODE":"147"}}
{"ts":1700826766493,"action":"FILE_OPENED","file":"/CWRK_DDD/UserAccounts.cs","tags":{"FILE_LINE_OF_CODE":"143"}}
{"ts":1700826768464,"action":"FILE_CLOSED","file":"/CWRK_DDD/UserAccounts.cs","tags":{"FILE_LINE_OF_CODE":"143"}}
{"ts":1700826768464,"action":"FILE_OPENED","file":"/TestProject1/UnitTest1.cs","tags":{"FILE_LINE_OF_CODE":"27"}}
{"ts":1700826830479,"action":"FILE_CLOSED","file":"/TestProject1/UnitTest1.cs","tags":{"FILE_LINE_OF_CODE":"27"}}
{"ts":1700826830480,"action":"FILE_OPENED","file":"/CWRK_DDD/Database/DatabaseHandler.cs","tags":{"FILE_LINE_OF_CODE":"147"}}
{"ts":1700826839650,"action":"FILE_CLOSED","file":"/CWRK_DDD/Database/DatabaseHandler.cs","tags":{"FILE_LINE_OF_CODE":"148"}}
{"ts":1700826839650,"action":"FILE_OPENED","file":"/TestProject1/UnitTest1.cs","tags":{"FILE_LINE_OF_CODE":"27"}}
{"ts":1700826902800,"action":"FILE_CLOSED","file":"/TestProject1/UnitTest1.cs","tags":{"FILE_LINE_OF_CODE":"33"}}
{"ts":1700826986068,"action":"FILE_OPENED","file":"/TestProject1/UnitTest1.cs","tags":{"FILE_LINE_OF_CODE":"33"}}
{"ts":1700827009532,"action":"FILE_CLOSED","file":"/TestProject1/UnitTest1.cs","tags":{"FILE_LINE_OF_CODE":"33"}}
{"ts":1700827009532,"action":"FILE_OPENED","file":"/CWRK_DDD/Database/DatabaseHandler.cs","tags":{"FILE_LINE_OF_CODE":"153"}}
{"ts":1700827021384,"action":"FILE_CLOSED","file":"/CWRK_DDD/Database/DatabaseHandler.cs","tags":{"FILE_LINE_OF_CODE":"148"}}
{"ts":1700827021384,"action":"FILE_OPENED","file":"/TestProject1/UnitTest1.cs","tags":{"FILE_LINE_OF_CODE":"33"}}
{"ts":1700827191182,"action":"FILE_CLOSED","file":"/TestProject1/UnitTest1.cs","tags":{"FILE_LINE_OF_CODE":"40"}}
{"ts":1700827195244,"action":"FILE_OPENED","file":"/TestProject1/UnitTest1.cs","tags":{"FILE_LINE_OF_CODE":"40"}}
{"ts":1700827243692,"action":"IDE_DEACTIVATED"}
{"ts":1700827277500,"action":"IDE_ACTIVATED"}
{"ts":1700827279011,"action":"IDE_DEACTIVATED"}
{"ts":1700827483456,"action":"IDE_ACTIVATED"}
{"ts":1700827484941,"action":"IDE_DEACTIVATED"}
{"ts":1700827485920,"action":"IDE_ACTIVATED"}
{"ts":1700827489656,"action":"IDE_DEACTIVATED"}
{"ts":1700827619545,"action":"IDE_ACTIVATED"}
{"ts":1700827628727,"action":"FILE_CLOSED","file":"/TestProject1/UnitTest1.cs","tags":{"FILE_LINE_OF_CODE":"40"}}
{"ts":1700827628727,"action":"FILE_OPENED","file":"/CWRK_DDD/Database/DatabaseHandler.cs","tags":{"FILE_LINE_OF_CODE":"148"}}
{"ts":1700827795969,"action":"FILE_CLOSED","file":"/CWRK_DDD/Database/DatabaseHandler.cs","tags":{"FILE_LINE_OF_CODE":"149"}}
{"ts":1700827795969,"action":"FILE_OPENED","file":"/TestProject1/UnitTest1.cs","tags":{"FILE_LINE_OF_CODE":"40"}}
{"ts":1700827971223,"action":"FILE_CLOSED","file":"/TestProject1/UnitTest1.cs","tags":{"FILE_LINE_OF_CODE":"46"}}
{"ts":1700827971223,"action":"FILE_OPENED","file":"/CWRK_DDD/Database/DatabaseHandler.cs","tags":{"FILE_LINE_OF_CODE":"149"}}
{"ts":1700827991629,"action":"IDE_DEACTIVATED"}
{"ts":1700828322333,"action":"IDE_ACTIVATED"}
{"ts":1700828329580,"action":"FILE_CLOSED","file":"/CWRK_DDD/Database/DatabaseHandler.cs","tags":{"FILE_LINE_OF_CODE":"149"}}
{"ts":1700828329580,"action":"FILE_OPENED","file":"/CWRK_DDD/HelperMethods.cs","tags":{"FILE_LINE_OF_CODE":"23"}}
{"ts":1700828330168,"action":"FILE_CLOSED","file":"/CWRK_DDD/HelperMethods.cs","tags":{"FILE_LINE_OF_CODE":"23"}}
{"ts":1700828330168,"action":"FILE_OPENED","file":"/TestProject1/UnitTest1.cs","tags":{"FILE_LINE_OF_CODE":"46"}}
{"ts":1700828330537,"action":"FILE_CLOSED","file":"/TestProject1/UnitTest1.cs","tags":{"FILE_LINE_OF_CODE":"46"}}
{"ts":1700828330537,"action":"FILE_OPENED","file":"/CWRK_DDD/Database/DatabaseHandler.cs","tags":{"FILE_LINE_OF_CODE":"149"}}
{"ts":1700828463056,"action":"IDE_DEACTIVATED"}
{"ts":1700828463155,"action":"IDE_ACTIVATED"}
{"ts":1700828514244,"action":"IDE_DEACTIVATED"}
{"ts":1700828520653,"action":"IDE_ACTIVATED"}
{"ts":1700828531246,"action":"IDE_DEACTIVATED"}
{"ts":1700828545905,"action":"IDE_ACTIVATED"}
{"ts":1700828562941,"action":"FILE_CLOSED","file":"/CWRK_DDD/Database/DatabaseHandler.cs","tags":{"FILE_LINE_OF_CODE":"156"}}
{"ts":1700828562941,"action":"FILE_OPENED","file":"/TestProject1/UnitTest1.cs","tags":{"FILE_LINE_OF_CODE":"46"}}
{"ts":1700828605486,"action":"FILE_CLOSED","file":"/TestProject1/UnitTest1.cs","tags":{"FILE_LINE_OF_CODE":"46"}}
{"ts":1700828605486,"action":"FILE_OPENED","file":"/CWRK_DDD/Database/DatabaseHandler.cs","tags":{"FILE_LINE_OF_CODE":"156"}}
{"ts":1700828641821,"action":"FILE_CLOSED","file":"/CWRK_DDD/Database/DatabaseHandler.cs","tags":{"FILE_LINE_OF_CODE":"156"}}
{"ts":1700828641821,"action":"FILE_OPENED","file":"/TestProject1/UnitTest1.cs","tags":{"FILE_LINE_OF_CODE":"46"}}
{"ts":1700828659210,"action":"FILE_CLOSED","file":"/TestProject1/UnitTest1.cs","tags":{"FILE_LINE_OF_CODE":"46"}}
{"ts":1700828659210,"action":"FILE_OPENED","file":"/CWRK_DDD/Database/DatabaseHandler.cs","tags":{"FILE_LINE_OF_CODE":"156"}}
{"ts":1700828664550,"action":"IDE_DEACTIVATED"}
{"ts":1700828680843,"action":"IDE_ACTIVATED"}
{"ts":1700828725636,"action":"FILE_CLOSED","file":"/CWRK_DDD/Database/DatabaseHandler.cs","tags":{"FILE_LINE_OF_CODE":"156"}}
{"ts":1700828725636,"action":"FILE_OPENED","file":"/CWRK_DDD/HelperMethods.cs","tags":{"FILE_LINE_OF_CODE":"23"}}
{"ts":1700828726604,"action":"IDE_DEACTIVATED"}
{"ts":1700828729447,"action":"IDE_ACTIVATED"}
{"ts":1700828732789,"action":"FILE_CLOSED","file":"/CWRK_DDD/HelperMethods.cs","tags":{"FILE_LINE_OF_CODE":"23"}}
{"ts":1700828732789,"action":"FILE_OPENED","file":"/CWRK_DDD/Database/DatabaseHandler.cs","tags":{"FILE_LINE_OF_CODE":"156"}}
{"ts":1700828735078,"action":"FILE_CLOSED","file":"/CWRK_DDD/Database/DatabaseHandler.cs","tags":{"FILE_LINE_OF_CODE":"156"}}
{"ts":1700828735078,"action":"FILE_OPENED","file":"/TestProject1/UnitTest1.cs","tags":{"FILE_LINE_OF_CODE":"46"}}
{"ts":1700828738600,"action":"FILE_CLOSED","file":"/TestProject1/UnitTest1.cs","tags":{"FILE_LINE_OF_CODE":"46"}}
{"ts":1700828738600,"action":"FILE_OPENED","file":"/CWRK_DDD/Database/DatabaseHandler.cs","tags":{"FILE_LINE_OF_CODE":"156"}}
{"ts":1700828740098,"action":"FILE_CLOSED","file":"/CWRK_DDD/Database/DatabaseHandler.cs","tags":{"FILE_LINE_OF_CODE":"156"}}
{"ts":1700828740098,"action":"FILE_OPENED","file":"/TestProject1/UnitTest1.cs","tags":{"FILE_LINE_OF_CODE":"46"}}
{"ts":1700828922111,"action":"FILE_CLOSED","file":"/TestProject1/UnitTest1.cs","tags":{"FILE_LINE_OF_CODE":"48"}}
{"ts":1700828922111,"action":"FILE_OPENED","file":"/CWRK_DDD/Database/DatabaseHandler.cs","tags":{"FILE_LINE_OF_CODE":"156"}}
{"ts":1700828946618,"action":"FILE_CLOSED","file":"/CWRK_DDD/Database/DatabaseHandler.cs","tags":{"FILE_LINE_OF_CODE":"156"}}
{"ts":1700828946618,"action":"FILE_OPENED","file":"/CWRK_DDD/HelperMethods.cs","tags":{"FILE_LINE_OF_CODE":"23"}}
{"ts":1700828955862,"action":"IDE_DEACTIVATED"}
{"ts":1700828984845,"action":"IDE_ACTIVATED"}
{"ts":1700828985943,"action":"IDE_DEACTIVATED"}
{"ts":1700829000647,"action":"IDE_ACTIVATED"}
{"ts":1700829029189,"action":"FILE_CLOSED","file":"/CWRK_DDD/HelperMethods.cs","tags":{"FILE_LINE_OF_CODE":"23"}}
{"ts":1700829029189,"action":"FILE_OPENED","file":"/CWRK_DDD/Database/DatabaseHandler.cs","tags":{"FILE_LINE_OF_CODE":"156"}}
{"ts":1700829035607,"action":"FILE_CLOSED","file":"/CWRK_DDD/Database/DatabaseHandler.cs","tags":{"FILE_LINE_OF_CODE":"156"}}
{"ts":1700829035615,"action":"FILE_OPENED","file":"/CWRK_DDD/HelperMethods.cs","tags":{"FILE_LINE_OF_CODE":"23"}}
{"ts":1700829036171,"action":"FILE_CLOSED","file":"/CWRK_DDD/HelperMethods.cs","tags":{"FILE_LINE_OF_CODE":"23"}}
{"ts":1700829036171,"action":"FILE_OPENED","file":"/TestProject1/UnitTest1.cs","tags":{"FILE_LINE_OF_CODE":"48"}}
{"ts":1700829040201,"action":"FILE_CLOSED","file":"/TestProject1/UnitTest1.cs","tags":{"FILE_LINE_OF_CODE":"48"}}
{"ts":1700829040240,"action":"FILE_OPENED","file":"/CWRK_DDD/HelperMethods.cs","tags":{"FILE_LINE_OF_CODE":"23"}}
{"ts":1700829059153,"action":"IDE_DEACTIVATED"}
{"ts":1700829060246,"action":"IDE_ACTIVATED"}
{"ts":1700829060256,"action":"FILE_CLOSED","file":"/CWRK_DDD/HelperMethods.cs","tags":{"FILE_LINE_OF_CODE":"23"}}
{"ts":1700829061960,"action":"FILE_OPENED","file":"/CWRK_DDD/UserAccounts.cs","tags":{"FILE_LINE_OF_CODE":"143"}}
{"ts":1700829070470,"action":"FILE_CLOSED","file":"/CWRK_DDD/UserAccounts.cs","tags":{"FILE_LINE_OF_CODE":"143"}}
{"ts":1700829070470,"action":"FILE_OPENED","file":"/CWRK_DDD/HelperMethods.cs","tags":{"FILE_LINE_OF_CODE":"23"}}
{"ts":1700829080518,"action":"FILE_CLOSED","file":"/CWRK_DDD/HelperMethods.cs","tags":{"FILE_LINE_OF_CODE":"25"}}
{"ts":1700829080518,"action":"FILE_OPENED","file":"/CWRK_DDD/Database/DatabaseHandler.cs","tags":{"FILE_LINE_OF_CODE":"156"}}
{"ts":1700829218601,"action":"FILE_CLOSED","file":"/CWRK_DDD/Database/DatabaseHandler.cs","tags":{"FILE_LINE_OF_CODE":"167"}}
{"ts":1700829218601,"action":"FILE_OPENED","file":"/CWRK_DDD/UserAccounts.cs","tags":{"FILE_LINE_OF_CODE":"143"}}
{"ts":1700829222495,"action":"FILE_CLOSED","file":"/CWRK_DDD/UserAccounts.cs","tags":{"FILE_LINE_OF_CODE":"143"}}
{"ts":1700829222495,"action":"FILE_OPENED","file":"/CWRK_DDD/Database/DatabaseHandler.cs","tags":{"FILE_LINE_OF_CODE":"167"}}
{"ts":1700829225941,"action":"FILE_CLOSED","file":"/CWRK_DDD/Database/DatabaseHandler.cs","tags":{"FILE_LINE_OF_CODE":"167"}}
{"ts":1700829225941,"action":"FILE_OPENED","file":"/CWRK_DDD/UserAccounts.cs","tags":{"FILE_LINE_OF_CODE":"143"}}
{"ts":1700829362815,"action":"FILE_CLOSED","file":"/CWRK_DDD/UserAccounts.cs","tags":{"FILE_LINE_OF_CODE":"151"}}
{"ts":1700829362815,"action":"FILE_OPENED","file":"/CWRK_DDD/Database/DatabaseHandler.cs","tags":{"FILE_LINE_OF_CODE":"167"}}
{"ts":1700829458778,"action":"FILE_CLOSED","file":"/CWRK_DDD/Database/DatabaseHandler.cs","tags":{"FILE_LINE_OF_CODE":"167"}}
{"ts":1700829458778,"action":"FILE_OPENED","file":"/CWRK_DDD/Program.cs","tags":{"FILE_LINE_OF_CODE":"173"}}
{"ts":1700829464005,"action":"FILE_CLOSED","file":"/CWRK_DDD/Program.cs","tags":{"FILE_LINE_OF_CODE":"173"}}
{"ts":1700829464005,"action":"FILE_OPENED","file":"/CWRK_DDD/Database/DatabaseHandler.cs","tags":{"FILE_LINE_OF_CODE":"167"}}
{"ts":1700829468933,"action":"FILE_CLOSED","file":"/CWRK_DDD/Database/DatabaseHandler.cs","tags":{"FILE_LINE_OF_CODE":"167"}}
{"ts":1700829468933,"action":"FILE_OPENED","file":"/CWRK_DDD/Program.cs","tags":{"FILE_LINE_OF_CODE":"173"}}
{"ts":1700829506004,"action":"FILE_CLOSED","file":"/CWRK_DDD/Program.cs","tags":{"FILE_LINE_OF_CODE":"173"}}
{"ts":1700829506004,"action":"FILE_OPENED","file":"/CWRK_DDD/Database/DatabaseHandler.cs","tags":{"FILE_LINE_OF_CODE":"167"}}
{"ts":1700829597291,"action":"IDE_DEACTIVATED"}
{"ts":1700829598894,"action":"IDE_ACTIVATED"}
{"ts":1700829606946,"action":"FILE_CLOSED","file":"/CWRK_DDD/Database/DatabaseHandler.cs","tags":{"FILE_LINE_OF_CODE":"167"}}
{"ts":1700829606946,"action":"FILE_OPENED","file":"/CWRK_DDD/UserAccounts.cs","tags":{"FILE_LINE_OF_CODE":"151"}}
{"ts":1700829660835,"action":"FILE_CLOSED","file":"/CWRK_DDD/UserAccounts.cs","tags":{"FILE_LINE_OF_CODE":"151"}}
{"ts":1700829660835,"action":"FILE_OPENED","file":"/CWRK_DDD/Database/DatabaseHandler.cs","tags":{"FILE_LINE_OF_CODE":"167"}}
{"ts":1700829734778,"action":"FILE_CLOSED","file":"/CWRK_DDD/Database/DatabaseHandler.cs","tags":{"FILE_LINE_OF_CODE":"167"}}
{"ts":1700829734778,"action":"FILE_OPENED","file":"/CWRK_DDD/UserAccounts.cs","tags":{"FILE_LINE_OF_CODE":"151"}}
{"ts":1700829781225,"action":"FILE_CLOSED","file":"/CWRK_DDD/UserAccounts.cs","tags":{"FILE_LINE_OF_CODE":"151"}}
{"ts":1700829797979,"action":"FILE_OPENED","file":"/CWRK_DDD/UserAccounts.cs","tags":{"FILE_LINE_OF_CODE":"151"}}
{"ts":1700829857901,"action":"IDE_DEACTIVATED"}
{"ts":1700830880239,"action":"IDE_ACTIVATED"}
{"ts":1700830887649,"action":"IDE_DEACTIVATED"}
{"ts":1700830891531,"action":"IDE_ACTIVATED"}
{"ts":1700830891546,"action":"FILE_CLOSED","file":"/CWRK_DDD/UserAccounts.cs","tags":{"FILE_LINE_OF_CODE":"153"}}
{"ts":1700830926687,"action":"FILE_OPENED","file":"/CWRK_DDD/UserAccounts.cs","tags":{"FILE_LINE_OF_CODE":"153"}}
{"ts":1700830954283,"action":"IDE_DEACTIVATED"}
{"ts":1700830959623,"action":"IDE_ACTIVATED"}
{"ts":1700830959951,"action":"IDE_DEACTIVATED"}
{"ts":1700831167888,"action":"IDE_ACTIVATED"}
{"ts":1700831218657,"action":"IDE_DEACTIVATED"}
{"ts":1700831220667,"action":"PROJECT_CLOSED","tags":{"PROJECT_NAME":"CWRK_DDD"}}
{"ts":1700831267382,"action":"FILE_OPENED","file":"/CWRK_DDD/Program.cs","tags":{"FILE_LINE_OF_CODE":"173"}}
{"ts":1700831275391,"action":"FILE_CLOSED","file":"/CWRK_DDD/Program.cs","tags":{"FILE_LINE_OF_CODE":"173"}}
{"ts":1700831275783,"action":"PROJECT_OPENED","tags":{"PROJECT_NAME":"CWRK_DDD"}}
{"ts":1700831419101,"action":"IDE_DEACTIVATED"}
{"ts":1700831657235,"action":"IDE_ACTIVATED"}
{"ts":1700831695652,"action":"IDE_DEACTIVATED"}
{"ts":1700831697881,"action":"PROJECT_CLOSED","tags":{"PROJECT_NAME":"CWRK_DDD"}}
{"ts":1700831785733,"action":"FILE_OPENED","file":"/CWRK_DDD/Program.cs","tags":{"FILE_LINE_OF_CODE":"173"}}
{"ts":1700831788669,"action":"IDE_DEACTIVATED"}
{"ts":1700831791770,"action":"FILE_CLOSED","file":"/CWRK_DDD/Program.cs","tags":{"FILE_LINE_OF_CODE":"173"}}
{"ts":1700831792390,"action":"PROJECT_OPENED","tags":{"PROJECT_NAME":"CWRK_DDD"}}
{"ts":1700831794183,"action":"IDE_ACTIVATED"}
{"ts":1700831979149,"action":"IDE_DEACTIVATED"}
{"ts":1700831979153,"action":"IDE_ACTIVATED"}
{"ts":1700831979307,"action":"IDE_DEACTIVATED"}
{"ts":1700831990986,"action":"IDE_ACTIVATED"}
{"ts":1700832311984,"action":"FILE_OPENED","file":"/CWRK_DDD/UserAccounts.cs","tags":{"FILE_LINE_OF_CODE":"153"}}
{"ts":1700832316390,"action":"IDE_DEACTIVATED"}
{"ts":1700832317585,"action":"IDE_ACTIVATED"}
{"ts":1700832343051,"action":"FILE_CLOSED","file":"/CWRK_DDD/UserAccounts.cs","tags":{"FILE_LINE_OF_CODE":"153"}}
{"ts":1700832346216,"action":"FILE_OPENED","file":"/CWRK_DDD/UserAccounts.cs","tags":{"FILE_LINE_OF_CODE":"153"}}
{"ts":1700832369466,"action":"IDE_DEACTIVATED"}
{"ts":1700832380369,"action":"IDE_ACTIVATED"}
{"ts":1700832435044,"action":"IDE_DEACTIVATED"}
{"ts":1700832495883,"action":"IDE_ACTIVATED"}
{"ts":1700832548572,"action":"IDE_DEACTIVATED"}
{"ts":1700832574470,"action":"IDE_ACTIVATED"}
{"ts":1700832708537,"action":"FILE_CLOSED","file":"/CWRK_DDD/UserAccounts.cs","tags":{"FILE_LINE_OF_CODE":"151"}}
{"ts":1700832708537,"action":"FILE_OPENED","file":"/CWRK_DDD/Database/DatabaseHandler.cs","tags":{"FILE_LINE_OF_CODE":"167"}}
{"ts":1700832728156,"action":"FILE_CLOSED","file":"/CWRK_DDD/Database/DatabaseHandler.cs","tags":{"FILE_LINE_OF_CODE":"167"}}
{"ts":1700832728156,"action":"FILE_OPENED","file":"/CWRK_DDD/UserAccounts.cs","tags":{"FILE_LINE_OF_CODE":"151"}}
{"ts":1700832796648,"action":"FILE_CLOSED","file":"/CWRK_DDD/UserAccounts.cs","tags":{"FILE_LINE_OF_CODE":"151"}}
{"ts":1700832796648,"action":"FILE_OPENED","file":"/CWRK_DDD/Program.cs","tags":{"FILE_LINE_OF_CODE":"173"}}
{"ts":1700832837753,"action":"IDE_DEACTIVATED"}
{"ts":1700832858131,"action":"IDE_ACTIVATED"}
{"ts":1700832956579,"action":"IDE_DEACTIVATED"}
{"ts":1700832978573,"action":"IDE_ACTIVATED"}
{"ts":1700832980430,"action":"IDE_DEACTIVATED"}
{"ts":1700833043989,"action":"IDE_ACTIVATED"}
{"ts":1700833068085,"action":"IDE_DEACTIVATED"}
{"ts":1700833170354,"action":"IDE_ACTIVATED"}
{"ts":1700833194144,"action":"IDE_DEACTIVATED"}
{"ts":1700833237218,"action":"IDE_ACTIVATED"}
{"ts":1700833303356,"action":"IDE_DEACTIVATED"}
{"ts":1700833311722,"action":"FILE_CLOSED","file":"/CWRK_DDD/Program.cs","tags":{"FILE_LINE_OF_CODE":"173"}}
{"ts":1700833311722,"action":"FILE_OPENED","file":"/MAUI_GUI_Frontend/MainPage.xaml.cs","tags":{"FILE_LINE_OF_CODE":"23"}}
{"ts":1700833311769,"action":"FILE_CLOSED","file":"/MAUI_GUI_Frontend/MainPage.xaml.cs","tags":{"FILE_LINE_OF_CODE":"23"}}
{"ts":1700833311769,"action":"FILE_OPENED","file":"/MAUI_GUI_Frontend/MainPage.xaml","tags":{"FILE_LINE_OF_CODE":"42"}}
{"ts":1700833323361,"action":"IDE_ACTIVATED"}
{"ts":1700833338968,"action":"IDE_DEACTIVATED"}
{"ts":1700833340353,"action":"IDE_ACTIVATED"}
{"ts":1700833355308,"action":"IDE_DEACTIVATED"}
{"ts":1700833409248,"action":"IDE_ACTIVATED"}
{"ts":1700833494431,"action":"IDE_DEACTIVATED"}
{"ts":1700833968351,"action":"IDE_ACTIVATED"}
{"ts":1700833968935,"action":"IDE_DEACTIVATED"}
{"ts":1700833970118,"action":"IDE_ACTIVATED"}
{"ts":1700833992611,"action":"IDE_DEACTIVATED"}
{"ts":1700834163516,"action":"IDE_ACTIVATED"}
{"ts":1700834165643,"action":"FILE_CLOSED","file":"/MAUI_GUI_Frontend/MainPage.xaml","tags":{"FILE_LINE_OF_CODE":"42"}}
{"ts":1700834165643,"action":"FILE_OPENED","file":"/MAUI_GUI_Frontend/MAUI_GUI_Frontend.csproj","tags":{"FILE_LINE_OF_CODE":"56"}}
{"ts":1700834167910,"action":"FILE_CLOSED","file":"/MAUI_GUI_Frontend/MAUI_GUI_Frontend.csproj","tags":{"FILE_LINE_OF_CODE":"56"}}
{"ts":1700834167910,"action":"FILE_OPENED","file":"/MAUI_GUI_Frontend/MainPage.xaml","tags":{"FILE_LINE_OF_CODE":"42"}}
{"ts":1700834168828,"action":"FILE_CLOSED","file":"/MAUI_GUI_Frontend/MainPage.xaml","tags":{"FILE_LINE_OF_CODE":"42"}}
{"ts":1700834168829,"action":"FILE_OPENED","file":"/MAUI_GUI_Frontend/AppShell.xaml","tags":{"FILE_LINE_OF_CODE":"15"}}
{"ts":1700834169537,"action":"FILE_CLOSED","file":"/MAUI_GUI_Frontend/AppShell.xaml","tags":{"FILE_LINE_OF_CODE":"15"}}
{"ts":1700834169537,"action":"FILE_OPENED","file":"/MAUI_GUI_Frontend/MainPage.xaml","tags":{"FILE_LINE_OF_CODE":"42"}}
{"ts":1700834170529,"action":"FILE_CLOSED","file":"/MAUI_GUI_Frontend/MainPage.xaml","tags":{"FILE_LINE_OF_CODE":"42"}}
{"ts":1700834170529,"action":"FILE_OPENED","file":"/CWRK_DDD/Program.cs","tags":{"FILE_LINE_OF_CODE":"173"}}
{"ts":1700834178305,"action":"FILE_CLOSED","file":"/CWRK_DDD/Program.cs","tags":{"FILE_LINE_OF_CODE":"173"}}
{"ts":1700834178305,"action":"FILE_OPENED","file":"/MAUI_GUI_Frontend/MAUI_GUI_Frontend.csproj","tags":{"FILE_LINE_OF_CODE":"56"}}
{"ts":1700834179738,"action":"FILE_CLOSED","file":"/MAUI_GUI_Frontend/MAUI_GUI_Frontend.csproj","tags":{"FILE_LINE_OF_CODE":"56"}}
{"ts":1700834179738,"action":"FILE_OPENED","file":"/MAUI_GUI_Frontend/App.xaml","tags":{"FILE_LINE_OF_CODE":"15"}}
{"ts":1700834226836,"action":"IDE_DEACTIVATED"}
{"ts":1700834230981,"action":"IDE_ACTIVATED"}
{"ts":1700834236045,"action":"IDE_DEACTIVATED"}
{"ts":1700834347730,"action":"IDE_ACTIVATED"}
{"ts":1700834353684,"action":"FILE_CLOSED","file":"/MAUI_GUI_Frontend/App.xaml","tags":{"FILE_LINE_OF_CODE":"15"}}
{"ts":1700834353684,"action":"FILE_OPENED","file":"/CWRK_DDD/Program.cs","tags":{"FILE_LINE_OF_CODE":"173"}}
{"ts":1700834372766,"action":"FILE_CLOSED","file":"/CWRK_DDD/Program.cs","tags":{"FILE_LINE_OF_CODE":"173"}}
{"ts":1700834372766,"action":"FILE_OPENED","file":"/MAUI_GUI_Frontend/AppShell.xaml","tags":{"FILE_LINE_OF_CODE":"15"}}
{"ts":1700834374572,"action":"FILE_CLOSED","file":"/MAUI_GUI_Frontend/AppShell.xaml","tags":{"FILE_LINE_OF_CODE":"15"}}
{"ts":1700834374604,"action":"FILE_OPENED","file":"/CWRK_DDD/Program.cs","tags":{"FILE_LINE_OF_CODE":"173"}}
{"ts":1700834374627,"action":"FILE_CLOSED","file":"/CWRK_DDD/Program.cs","tags":{"FILE_LINE_OF_CODE":"173"}}
{"ts":1700834374627,"action":"FILE_OPENED","file":"/MAUI_GUI_Frontend/MAUI_GUI_Frontend.csproj","tags":{"FILE_LINE_OF_CODE":"56"}}
{"ts":1700834376261,"action":"FILE_CLOSED","file":"/MAUI_GUI_Frontend/MAUI_GUI_Frontend.csproj","tags":{"FILE_LINE_OF_CODE":"56"}}
{"ts":1700834376270,"action":"FILE_OPENED","file":"/CWRK_DDD/Program.cs","tags":{"FILE_LINE_OF_CODE":"173"}}
{"ts":1700834377006,"action":"FILE_CLOSED","file":"/CWRK_DDD/Program.cs","tags":{"FILE_LINE_OF_CODE":"173"}}
{"ts":1700834377006,"action":"FILE_OPENED","file":"/MAUI_GUI_Frontend/App.xaml","tags":{"FILE_LINE_OF_CODE":"15"}}
{"ts":1700834377963,"action":"FILE_CLOSED","file":"/MAUI_GUI_Frontend/App.xaml","tags":{"FILE_LINE_OF_CODE":"15"}}
{"ts":1700834377973,"action":"FILE_OPENED","file":"/CWRK_DDD/Program.cs","tags":{"FILE_LINE_OF_CODE":"173"}}
{"ts":1700834378611,"action":"FILE_CLOSED","file":"/CWRK_DDD/Program.cs","tags":{"FILE_LINE_OF_CODE":"173"}}
{"ts":1700834378611,"action":"FILE_OPENED","file":"/CWRK_DDD/UserAccounts.cs","tags":{"FILE_LINE_OF_CODE":"151"}}
{"ts":1700834382668,"action":"FILE_CLOSED","file":"/CWRK_DDD/UserAccounts.cs","tags":{"FILE_LINE_OF_CODE":"151"}}
{"ts":1700834382668,"action":"FILE_OPENED","file":"/CWRK_DDD/HelperMethods.cs","tags":{"FILE_LINE_OF_CODE":"25"}}
{"ts":1700834383079,"action":"FILE_CLOSED","file":"/CWRK_DDD/HelperMethods.cs","tags":{"FILE_LINE_OF_CODE":"25"}}
{"ts":1700834383079,"action":"FILE_OPENED","file":"/CWRK_DDD/UserAccounts.cs","tags":{"FILE_LINE_OF_CODE":"151"}}
{"ts":1700834384874,"action":"FILE_CLOSED","file":"/CWRK_DDD/UserAccounts.cs","tags":{"FILE_LINE_OF_CODE":"151"}}
{"ts":1700834384901,"action":"FILE_OPENED","file":"/CWRK_DDD/Program.cs","tags":{"FILE_LINE_OF_CODE":"173"}}
{"ts":1700834385948,"action":"FILE_CLOSED","file":"/CWRK_DDD/Program.cs","tags":{"FILE_LINE_OF_CODE":"173"}}
{"ts":1700834385948,"action":"FILE_OPENED","file":"/CWRK_DDD/Meeting.cs","tags":{"FILE_LINE_OF_CODE":"17"}}
{"ts":1700834410375,"action":"FILE_CLOSED","file":"/CWRK_DDD/Meeting.cs","tags":{"FILE_LINE_OF_CODE":"18"}}
{"ts":1700834410375,"action":"FILE_OPENED","file":"/CWRK_DDD/HelperMethods.cs","tags":{"FILE_LINE_OF_CODE":"25"}}
{"ts":1700834416423,"action":"FILE_CLOSED","file":"/CWRK_DDD/HelperMethods.cs","tags":{"FILE_LINE_OF_CODE":"25"}}
{"ts":1700834416423,"action":"FILE_OPENED","file":"/CWRK_DDD/Program.cs","tags":{"FILE_LINE_OF_CODE":"173"}}
{"ts":1700834419688,"action":"FILE_CLOSED","file":"/CWRK_DDD/Program.cs","tags":{"FILE_LINE_OF_CODE":"173"}}
{"ts":1700834419688,"action":"FILE_OPENED","file":"/CWRK_DDD/Meeting.cs","tags":{"FILE_LINE_OF_CODE":"18"}}
{"ts":1700834420184,"action":"FILE_CLOSED","file":"/CWRK_DDD/Meeting.cs","tags":{"FILE_LINE_OF_CODE":"18"}}
{"ts":1700834420184,"action":"FILE_OPENED","file":"/CWRK_DDD/HelperMethods.cs","tags":{"FILE_LINE_OF_CODE":"25"}}
{"ts":1700834420588,"action":"FILE_CLOSED","file":"/CWRK_DDD/HelperMethods.cs","tags":{"FILE_LINE_OF_CODE":"25"}}
{"ts":1700834420588,"action":"FILE_OPENED","file":"/CWRK_DDD/Meeting.cs","tags":{"FILE_LINE_OF_CODE":"18"}}
{"ts":1700834421622,"action":"FILE_CLOSED","file":"/CWRK_DDD/Meeting.cs","tags":{"FILE_LINE_OF_CODE":"18"}}
{"ts":1700834421622,"action":"FILE_OPENED","file":"/CWRK_DDD/HelperMethods.cs","tags":{"FILE_LINE_OF_CODE":"25"}}
{"ts":1700834445408,"action":"IDE_DEACTIVATED"}
{"ts":1700834456400,"action":"IDE_ACTIVATED"}
{"ts":1700834638485,"action":"FILE_CLOSED","file":"/CWRK_DDD/HelperMethods.cs","tags":{"FILE_LINE_OF_CODE":"34"}}
{"ts":1700834638485,"action":"FILE_OPENED","file":"/CWRK_DDD/Meeting.cs","tags":{"FILE_LINE_OF_CODE":"18"}}
{"ts":1700834639075,"action":"FILE_CLOSED","file":"/CWRK_DDD/Meeting.cs","tags":{"FILE_LINE_OF_CODE":"18"}}
{"ts":1700834639075,"action":"FILE_OPENED","file":"/CWRK_DDD/HelperMethods.cs","tags":{"FILE_LINE_OF_CODE":"34"}}
{"ts":1700834641960,"action":"FILE_CLOSED","file":"/CWRK_DDD/HelperMethods.cs","tags":{"FILE_LINE_OF_CODE":"34"}}
{"ts":1700834641960,"action":"FILE_OPENED","file":"/CWRK_DDD/Database/DatabaseHandler.cs","tags":{"FILE_LINE_OF_CODE":"167"}}
{"ts":1700834767028,"action":"FILE_CLOSED","file":"/CWRK_DDD/Database/DatabaseHandler.cs","tags":{"FILE_LINE_OF_CODE":"171"}}
{"ts":1700834767028,"action":"FILE_OPENED","file":"/CWRK_DDD/HelperMethods.cs","tags":{"FILE_LINE_OF_CODE":"34"}}
{"ts":1700834768834,"action":"FILE_CLOSED","file":"/CWRK_DDD/HelperMethods.cs","tags":{"FILE_LINE_OF_CODE":"34"}}
{"ts":1700834768834,"action":"FILE_OPENED","file":"/CWRK_DDD/Database/DatabaseHandler.cs","tags":{"FILE_LINE_OF_CODE":"171"}}
{"ts":1700834769816,"action":"FILE_CLOSED","file":"/CWRK_DDD/Database/DatabaseHandler.cs","tags":{"FILE_LINE_OF_CODE":"171"}}
{"ts":1700834769816,"action":"FILE_OPENED","file":"/CWRK_DDD/HelperMethods.cs","tags":{"FILE_LINE_OF_CODE":"34"}}
{"ts":1700834774704,"action":"IDE_DEACTIVATED"}
{"ts":1700834870698,"action":"IDE_ACTIVATED"}
{"ts":1700834873419,"action":"IDE_DEACTIVATED"}
{"ts":1700834874291,"action":"IDE_ACTIVATED"}
{"ts":1700834899374,"action":"FILE_CLOSED","file":"/CWRK_DDD/HelperMethods.cs","tags":{"FILE_LINE_OF_CODE":"35"}}
{"ts":1700834899374,"action":"FILE_OPENED","file":"/CWRK_DDD/Database/DatabaseHandler.cs","tags":{"FILE_LINE_OF_CODE":"171"}}
{"ts":1700834906213,"action":"FILE_CLOSED","file":"/CWRK_DDD/Database/DatabaseHandler.cs","tags":{"FILE_LINE_OF_CODE":"171"}}
{"ts":1700834906213,"action":"FILE_OPENED","file":"/CWRK_DDD/HelperMethods.cs","tags":{"FILE_LINE_OF_CODE":"35"}}
{"ts":1700834914863,"action":"IDE_DEACTIVATED"}
{"ts":1700835433741,"action":"IDE_ACTIVATED"}
{"ts":1700835502120,"action":"FILE_CLOSED","file":"/CWRK_DDD/HelperMethods.cs","tags":{"FILE_LINE_OF_CODE":"39"}}
{"ts":1700835502120,"action":"FILE_OPENED","file":"/CWRK_DDD/Meeting.cs","tags":{"FILE_LINE_OF_CODE":"18"}}
{"ts":1700835525499,"action":"FILE_CLOSED","file":"/CWRK_DDD/Meeting.cs","tags":{"FILE_LINE_OF_CODE":"18"}}
{"ts":1700835525499,"action":"FILE_OPENED","file":"/CWRK_DDD/HelperMethods.cs","tags":{"FILE_LINE_OF_CODE":"39"}}
{"ts":1700835547178,"action":"FILE_CLOSED","file":"/CWRK_DDD/HelperMethods.cs","tags":{"FILE_LINE_OF_CODE":"40"}}
{"ts":1700835547178,"action":"FILE_OPENED","file":"/CWRK_DDD/Meeting.cs","tags":{"FILE_LINE_OF_CODE":"18"}}
{"ts":1700835548172,"action":"FILE_CLOSED","file":"/CWRK_DDD/Meeting.cs","tags":{"FILE_LINE_OF_CODE":"18"}}
{"ts":1700835548172,"action":"FILE_OPENED","file":"/CWRK_DDD/HelperMethods.cs","tags":{"FILE_LINE_OF_CODE":"40"}}
{"ts":1700835702701,"action":"IDE_DEACTIVATED"}
{"ts":1700835999953,"action":"IDE_ACTIVATED"}
{"ts":1700836044885,"action":"FILE_CLOSED","file":"/CWRK_DDD/HelperMethods.cs","tags":{"FILE_LINE_OF_CODE":"43"}}
{"ts":1700836044885,"action":"FILE_OPENED","file":"/CWRK_DDD/Meeting.cs","tags":{"FILE_LINE_OF_CODE":"18"}}
{"ts":1700836114870,"action":"FILE_CLOSED","file":"/CWRK_DDD/Meeting.cs","tags":{"FILE_LINE_OF_CODE":"19"}}
{"ts":1700836114870,"action":"FILE_OPENED","file":"/CWRK_DDD/HelperMethods.cs","tags":{"FILE_LINE_OF_CODE":"43"}}
{"ts":1700836225153,"action":"FILE_CLOSED","file":"/CWRK_DDD/HelperMethods.cs","tags":{"FILE_LINE_OF_CODE":"65"}}
{"ts":1700836225153,"action":"FILE_OPENED","file":"/CWRK_DDD/Meeting.cs","tags":{"FILE_LINE_OF_CODE":"19"}}
{"ts":1700836227008,"action":"FILE_CLOSED","file":"/CWRK_DDD/Meeting.cs","tags":{"FILE_LINE_OF_CODE":"19"}}
{"ts":1700836227008,"action":"FILE_OPENED","file":"/CWRK_DDD/Program.cs","tags":{"FILE_LINE_OF_CODE":"173"}}
{"ts":1700836233911,"action":"FILE_CLOSED","file":"/CWRK_DDD/Program.cs","tags":{"FILE_LINE_OF_CODE":"173"}}
{"ts":1700836233911,"action":"FILE_OPENED","file":"/CWRK_DDD/UserAccounts.cs","tags":{"FILE_LINE_OF_CODE":"151"}}
{"ts":1700836298585,"action":"IDE_DEACTIVATED"}
{"ts":1700836298590,"action":"IDE_ACTIVATED"}
{"ts":1700836554969,"action":"IDE_DEACTIVATED"}
{"ts":1700836644197,"action":"IDE_ACTIVATED"}
{"ts":1700836675992,"action":"FILE_CLOSED","file":"/CWRK_DDD/UserAccounts.cs","tags":{"FILE_LINE_OF_CODE":"152"}}
{"ts":1700836675992,"action":"FILE_OPENED","file":"/CWRK_DDD/Meeting.cs","tags":{"FILE_LINE_OF_CODE":"19"}}
{"ts":1700836677459,"action":"FILE_CLOSED","file":"/CWRK_DDD/Meeting.cs","tags":{"FILE_LINE_OF_CODE":"19"}}
{"ts":1700836677459,"action":"FILE_OPENED","file":"/CWRK_DDD/HelperMethods.cs","tags":{"FILE_LINE_OF_CODE":"65"}}
{"ts":1700836681616,"action":"IDE_DEACTIVATED"}
{"ts":1700836683160,"action":"IDE_ACTIVATED"}
{"ts":1700836686774,"action":"IDE_DEACTIVATED"}
{"ts":1700836816096,"action":"IDE_ACTIVATED"}
{"ts":1700836828248,"action":"FILE_CLOSED","file":"/CWRK_DDD/HelperMethods.cs","tags":{"FILE_LINE_OF_CODE":"65"}}
{"ts":1700836828248,"action":"FILE_OPENED","file":"/CWRK_DDD/Database/DatabaseHandler.cs","tags":{"FILE_LINE_OF_CODE":"171"}}
{"ts":1700836951938,"action":"IDE_DEACTIVATED"}
{"ts":1700836962837,"action":"IDE_ACTIVATED"}
{"ts":1700836964965,"action":"IDE_DEACTIVATED"}
{"ts":1700836967506,"action":"PROJECT_CLOSED","tags":{"PROJECT_NAME":"CWRK_DDD"}}
{"ts":1700837017775,"action":"IDE_DEACTIVATED"}
{"ts":1700837022830,"action":"FILE_OPENED","file":"/CWRK_DDD/Program.cs","tags":{"FILE_LINE_OF_CODE":"173"}}
{"ts":1700837025833,"action":"FILE_CLOSED","file":"/CWRK_DDD/Program.cs","tags":{"FILE_LINE_OF_CODE":"173"}}
{"ts":1700837026251,"action":"PROJECT_OPENED","tags":{"PROJECT_NAME":"CWRK_DDD"}}
{"ts":1700838030272,"action":"IDE_ACTIVATED"}
{"ts":1700838040047,"action":"FILE_OPENED","file":"/CWRK_DDD/Database/DatabaseHandler.cs","tags":{"FILE_LINE_OF_CODE":"171"}}
{"ts":1700838117568,"action":"FILE_CLOSED","file":"/CWRK_DDD/Database/DatabaseHandler.cs","tags":{"FILE_LINE_OF_CODE":"171"}}
